<!DOCTYPE html PUBLIC "-//W3C//DTD XHTML 1.1//EN" "http://www.w3.org/TR/xhtml11/DTD/xhtml11.dtd">
<html xmlns="http://www.w3.org/1999/xhtml"><head><title>TestNG Report</title><style type="text/css">table {margin-bottom:10px;border-collapse:collapse;empty-cells:show}th,td {border:1px solid #009;padding:.25em .5em}th {vertical-align:bottom}td {vertical-align:top}table a {font-weight:bold}.stripe td {background-color: #E6EBF9}.num {text-align:right}.passedodd td {background-color: #3F3}.passedeven td {background-color: #0A0}.skippedodd td {background-color: #DDD}.skippedeven td {background-color: #CCC}.failedodd td,.attn {background-color: #F33}.failedeven td,.stripe .attn {background-color: #D00}.stacktrace {white-space:pre;font-family:monospace}.totop {font-size:85%;text-align:center;border-bottom:2px solid #000}</style></head><body><table><tr><th>Test</th><th># Passed</th><th># Skipped</th><th># Failed</th><th>Time (ms)</th><th>Included Groups</th><th>Excluded Groups</th></tr><tr><th colspan="7">Default suite</th></tr><tr><td><a href="#t0">Default test</a></td><td class="num">37</td><td class="num">0</td><td class="num attn">9</td><td class="num">567,420</td><td></td><td></td></tr></table><table id='summary'><thead><tr><th>Class</th><th>Method</th><th>Start</th><th>Time (ms)</th></tr></thead><tbody><tr><th colspan="4">Default suite</th></tr></tbody><tbody id="t0"><tr><th colspan="4">Default test &#8212; failed</th></tr><tr class="failedeven"><td rowspan="9">com.test.automation.uiAutomation.customerSide.TC001_CheckifBookingSuccessful</td><td><a href="#m0">testName</a></td><td rowspan="9">1510658129700</td><td rowspan="9">22053</td></tr><tr class="failedeven"><td><a href="#m1">testName</a></td></tr><tr class="failedeven"><td><a href="#m2">testName</a></td></tr><tr class="failedeven"><td><a href="#m3">testName</a></td></tr><tr class="failedeven"><td><a href="#m4">testName</a></td></tr><tr class="failedeven"><td><a href="#m5">testName</a></td></tr><tr class="failedeven"><td><a href="#m6">testName</a></td></tr><tr class="failedeven"><td><a href="#m7">testName</a></td></tr><tr class="failedeven"><td><a href="#m8">testName</a></td></tr><tr><th colspan="4">Default test &#8212; passed</th></tr><tr class="passedeven"><td rowspan="37">com.test.automation.uiAutomation.customerSide.TC001_CheckifBookingSuccessful</td><td><a href="#m9">testName</a></td><td rowspan="37">1510658314250</td><td rowspan="37">7849</td></tr><tr class="passedeven"><td><a href="#m10">testName</a></td></tr><tr class="passedeven"><td><a href="#m11">testName</a></td></tr><tr class="passedeven"><td><a href="#m12">testName</a></td></tr><tr class="passedeven"><td><a href="#m13">testName</a></td></tr><tr class="passedeven"><td><a href="#m14">testName</a></td></tr><tr class="passedeven"><td><a href="#m15">testName</a></td></tr><tr class="passedeven"><td><a href="#m16">testName</a></td></tr><tr class="passedeven"><td><a href="#m17">testName</a></td></tr><tr class="passedeven"><td><a href="#m18">testName</a></td></tr><tr class="passedeven"><td><a href="#m19">testName</a></td></tr><tr class="passedeven"><td><a href="#m20">testName</a></td></tr><tr class="passedeven"><td><a href="#m21">testName</a></td></tr><tr class="passedeven"><td><a href="#m22">testName</a></td></tr><tr class="passedeven"><td><a href="#m23">testName</a></td></tr><tr class="passedeven"><td><a href="#m24">testName</a></td></tr><tr class="passedeven"><td><a href="#m25">testName</a></td></tr><tr class="passedeven"><td><a href="#m26">testName</a></td></tr><tr class="passedeven"><td><a href="#m27">testName</a></td></tr><tr class="passedeven"><td><a href="#m28">testName</a></td></tr><tr class="passedeven"><td><a href="#m29">testName</a></td></tr><tr class="passedeven"><td><a href="#m30">testName</a></td></tr><tr class="passedeven"><td><a href="#m31">testName</a></td></tr><tr class="passedeven"><td><a href="#m32">testName</a></td></tr><tr class="passedeven"><td><a href="#m33">testName</a></td></tr><tr class="passedeven"><td><a href="#m34">testName</a></td></tr><tr class="passedeven"><td><a href="#m35">testName</a></td></tr><tr class="passedeven"><td><a href="#m36">testName</a></td></tr><tr class="passedeven"><td><a href="#m37">testName</a></td></tr><tr class="passedeven"><td><a href="#m38">testName</a></td></tr><tr class="passedeven"><td><a href="#m39">testName</a></td></tr><tr class="passedeven"><td><a href="#m40">testName</a></td></tr><tr class="passedeven"><td><a href="#m41">testName</a></td></tr><tr class="passedeven"><td><a href="#m42">testName</a></td></tr><tr class="passedeven"><td><a href="#m43">testName</a></td></tr><tr class="passedeven"><td><a href="#m44">testName</a></td></tr><tr class="passedeven"><td><a href="#m45">testName</a></td></tr></tbody></table><h2>Default test</h2><h3 id="m0">com.test.automation.uiAutomation.customerSide.TC001_CheckifBookingSuccessful#testName</h3><table class="result"><tr class="param"><th>Parameter #1</th><th>Parameter #2</th><th>Parameter #3</th><th>Parameter #4</th><th>Parameter #5</th></tr><tr class="param stripe"><td>2017</td><td>November</td><td>15</td><td>12:45 AM</td><td>Y</td></tr><tr><th colspan="5">Messages</th></tr><tr><td colspan="5"><div class="messages">----------------Starting Test TC001_CheckifBookingSuccessful----------------<br/>Opening URL http://automationpractice.com/index.php<br/>Time Zone Pup Submitted.<br/>Current Month Name is: November 2017<br/>Current Month Name is: November 2017<br/>Reached to Month: November 2017<br/>Date Selected as : 15</div></td></tr><tr><th colspan="5">Exception</th></tr><tr><td colspan="5"><div class="stacktrace">org.openqa.selenium.NoSuchElementException: Unable to locate element: //button[@class=&apos;timeSlotSingle ng-pristine ng-untouched ng-valid ng-binding ng-not-empty&apos; and contains(text(),&apos;12:45 AM&apos;)]
For documentation on this error, please visit: http://seleniumhq.org/exceptions/no_such_element.html
Build info: version: &apos;3.6.0&apos;, revision: &apos;6fbf3ec767&apos;, time: &apos;2017-09-27T15:28:36.4Z&apos;
System info: host: &apos;DESKTOP-9UPLSBP&apos;, ip: &apos;192.168.0.233&apos;, os.name: &apos;Windows 8.1&apos;, os.arch: &apos;x86&apos;, os.version: &apos;6.3&apos;, java.version: &apos;1.8.0_51&apos;
Driver info: org.openqa.selenium.firefox.FirefoxDriver
Capabilities [{moz:profile=C:\Users\Jagjeet\AppData\Local\Temp\rust_mozprofile.S0wx5e9xNCvf, rotatable=false, timeouts={implicit=0, pageLoad=300000, script=30000}, pageLoadStrategy=normal, moz:headless=false, platform=XP, specificationLevel=0, moz:accessibilityChecks=false, acceptInsecureCerts=true, browserVersion=56.0.2, platformVersion=10.0, moz:processID=13804, browserName=firefox, javascriptEnabled=true, platformName=XP}]
Session ID: ff57a1d5-c30c-4fe8-8027-64f5ef414226
*** Element info: {Using=xpath, value=//button[@class=&apos;timeSlotSingle ng-pristine ng-untouched ng-valid ng-binding ng-not-empty&apos; and contains(text(),&apos;12:45 AM&apos;)]}
	at sun.reflect.NativeConstructorAccessorImpl.newInstance0(Native Method)
	at sun.reflect.NativeConstructorAccessorImpl.newInstance(NativeConstructorAccessorImpl.java:62)
	at sun.reflect.DelegatingConstructorAccessorImpl.newInstance(DelegatingConstructorAccessorImpl.java:45)
	at java.lang.reflect.Constructor.newInstance(Constructor.java:422)
	at org.openqa.selenium.remote.http.W3CHttpResponseCodec.createException(W3CHttpResponseCodec.java:185)
	at org.openqa.selenium.remote.http.W3CHttpResponseCodec.decode(W3CHttpResponseCodec.java:120)
	at org.openqa.selenium.remote.http.W3CHttpResponseCodec.decode(W3CHttpResponseCodec.java:49)
	at org.openqa.selenium.remote.HttpCommandExecutor.execute(HttpCommandExecutor.java:164)
	at org.openqa.selenium.remote.service.DriverCommandExecutor.execute(DriverCommandExecutor.java:83)
	at org.openqa.selenium.remote.RemoteWebDriver.execute(RemoteWebDriver.java:586)
	at org.openqa.selenium.remote.RemoteWebDriver.findElement(RemoteWebDriver.java:356)
	at org.openqa.selenium.remote.RemoteWebDriver.findElementByXPath(RemoteWebDriver.java:458)
	at org.openqa.selenium.By$ByXPath.findElement(By.java:361)
	at org.openqa.selenium.remote.RemoteWebDriver.findElement(RemoteWebDriver.java:348)
	at com.test.automation.uiAutomation.uiActions.AutomaticBookingPage.selectTime(AutomaticBookingPage.java:130)
	at com.test.automation.uiAutomation.uiActions.AutomaticBookingPage.makeAutomaticBookingAt(AutomaticBookingPage.java:50)
	at com.test.automation.uiAutomation.customerSide.TC001_CheckifBookingSuccessful.testName(TC001_CheckifBookingSuccessful.java:50)
	at sun.reflect.GeneratedMethodAccessor8.invoke(Unknown Source)
	at sun.reflect.DelegatingMethodAccessorImpl.invoke(DelegatingMethodAccessorImpl.java:43)
	at java.lang.reflect.Method.invoke(Method.java:497)
	at org.testng.internal.MethodInvocationHelper.invokeMethod(MethodInvocationHelper.java:108)
	at org.testng.internal.Invoker.invokeMethod(Invoker.java:661)
	at org.testng.internal.Invoker.invokeTestMethod(Invoker.java:869)
	at org.testng.internal.Invoker.invokeTestMethods(Invoker.java:1193)
	at org.testng.internal.TestMethodWorker.invokeTestMethods(TestMethodWorker.java:126)
	at org.testng.internal.TestMethodWorker.run(TestMethodWorker.java:109)
	at org.testng.TestRunner.privateRun(TestRunner.java:744)
	at org.testng.TestRunner.run(TestRunner.java:602)
	at org.testng.SuiteRunner.runTest(SuiteRunner.java:380)
	at org.testng.SuiteRunner.runSequentially(SuiteRunner.java:375)
	at org.testng.SuiteRunner.privateRun(SuiteRunner.java:340)
	at org.testng.SuiteRunner.run(SuiteRunner.java:289)
	at org.testng.SuiteRunnerWorker.runSuite(SuiteRunnerWorker.java:52)
	at org.testng.SuiteRunnerWorker.run(SuiteRunnerWorker.java:86)
	at org.testng.TestNG.runSuitesSequentially(TestNG.java:1301)
	at org.testng.TestNG.runSuitesLocally(TestNG.java:1226)
	at org.testng.TestNG.runSuites(TestNG.java:1144)
	at org.testng.TestNG.run(TestNG.java:1115)
	at org.testng.remote.AbstractRemoteTestNG.run(AbstractRemoteTestNG.java:114)
	at org.testng.remote.RemoteTestNG.initAndRun(RemoteTestNG.java:251)
	at org.testng.remote.RemoteTestNG.main(RemoteTestNG.java:77)
</div></td></tr></table><p class="totop"><a href="#summary">back to summary</a></p><h3 id="m1">com.test.automation.uiAutomation.customerSide.TC001_CheckifBookingSuccessful#testName</h3><table class="result"><tr class="param"><th>Parameter #1</th><th>Parameter #2</th><th>Parameter #3</th><th>Parameter #4</th><th>Parameter #5</th></tr><tr class="param stripe"><td>2017</td><td>November</td><td>15</td><td>12:30 AM</td><td>Y</td></tr><tr><th colspan="5">Messages</th></tr><tr><td colspan="5"><div class="messages">----------------Starting Test TC001_CheckifBookingSuccessful----------------<br/>Opening URL http://automationpractice.com/index.php<br/>Time Zone Pup Submitted.<br/>Current Month Name is: November 2017<br/>Current Month Name is: November 2017<br/>Reached to Month: November 2017<br/>Date Selected as : 15</div></td></tr><tr><th colspan="5">Exception</th></tr><tr><td colspan="5"><div class="stacktrace">org.openqa.selenium.NoSuchElementException: Unable to locate element: //button[@class=&apos;timeSlotSingle ng-pristine ng-untouched ng-valid ng-binding ng-not-empty&apos; and contains(text(),&apos;12:30 AM&apos;)]
For documentation on this error, please visit: http://seleniumhq.org/exceptions/no_such_element.html
Build info: version: &apos;3.6.0&apos;, revision: &apos;6fbf3ec767&apos;, time: &apos;2017-09-27T15:28:36.4Z&apos;
System info: host: &apos;DESKTOP-9UPLSBP&apos;, ip: &apos;192.168.0.233&apos;, os.name: &apos;Windows 8.1&apos;, os.arch: &apos;x86&apos;, os.version: &apos;6.3&apos;, java.version: &apos;1.8.0_51&apos;
Driver info: org.openqa.selenium.firefox.FirefoxDriver
Capabilities [{moz:profile=C:\Users\Jagjeet\AppData\Local\Temp\rust_mozprofile.S0wx5e9xNCvf, rotatable=false, timeouts={implicit=0, pageLoad=300000, script=30000}, pageLoadStrategy=normal, moz:headless=false, platform=XP, specificationLevel=0, moz:accessibilityChecks=false, acceptInsecureCerts=true, browserVersion=56.0.2, platformVersion=10.0, moz:processID=13804, browserName=firefox, javascriptEnabled=true, platformName=XP}]
Session ID: ff57a1d5-c30c-4fe8-8027-64f5ef414226
*** Element info: {Using=xpath, value=//button[@class=&apos;timeSlotSingle ng-pristine ng-untouched ng-valid ng-binding ng-not-empty&apos; and contains(text(),&apos;12:30 AM&apos;)]}
	at sun.reflect.NativeConstructorAccessorImpl.newInstance0(Native Method)
	at sun.reflect.NativeConstructorAccessorImpl.newInstance(NativeConstructorAccessorImpl.java:62)
	at sun.reflect.DelegatingConstructorAccessorImpl.newInstance(DelegatingConstructorAccessorImpl.java:45)
	at java.lang.reflect.Constructor.newInstance(Constructor.java:422)
	at org.openqa.selenium.remote.http.W3CHttpResponseCodec.createException(W3CHttpResponseCodec.java:185)
	at org.openqa.selenium.remote.http.W3CHttpResponseCodec.decode(W3CHttpResponseCodec.java:120)
	at org.openqa.selenium.remote.http.W3CHttpResponseCodec.decode(W3CHttpResponseCodec.java:49)
	at org.openqa.selenium.remote.HttpCommandExecutor.execute(HttpCommandExecutor.java:164)
	at org.openqa.selenium.remote.service.DriverCommandExecutor.execute(DriverCommandExecutor.java:83)
	at org.openqa.selenium.remote.RemoteWebDriver.execute(RemoteWebDriver.java:586)
	at org.openqa.selenium.remote.RemoteWebDriver.findElement(RemoteWebDriver.java:356)
	at org.openqa.selenium.remote.RemoteWebDriver.findElementByXPath(RemoteWebDriver.java:458)
	at org.openqa.selenium.By$ByXPath.findElement(By.java:361)
	at org.openqa.selenium.remote.RemoteWebDriver.findElement(RemoteWebDriver.java:348)
	at com.test.automation.uiAutomation.uiActions.AutomaticBookingPage.selectTime(AutomaticBookingPage.java:130)
	at com.test.automation.uiAutomation.uiActions.AutomaticBookingPage.makeAutomaticBookingAt(AutomaticBookingPage.java:50)
	at com.test.automation.uiAutomation.customerSide.TC001_CheckifBookingSuccessful.testName(TC001_CheckifBookingSuccessful.java:50)
	at sun.reflect.GeneratedMethodAccessor8.invoke(Unknown Source)
	at sun.reflect.DelegatingMethodAccessorImpl.invoke(DelegatingMethodAccessorImpl.java:43)
	at java.lang.reflect.Method.invoke(Method.java:497)
	at org.testng.internal.MethodInvocationHelper.invokeMethod(MethodInvocationHelper.java:108)
	at org.testng.internal.Invoker.invokeMethod(Invoker.java:661)
	at org.testng.internal.Invoker.invokeTestMethod(Invoker.java:869)
	at org.testng.internal.Invoker.invokeTestMethods(Invoker.java:1193)
	at org.testng.internal.TestMethodWorker.invokeTestMethods(TestMethodWorker.java:126)
	at org.testng.internal.TestMethodWorker.run(TestMethodWorker.java:109)
	at org.testng.TestRunner.privateRun(TestRunner.java:744)
	at org.testng.TestRunner.run(TestRunner.java:602)
	at org.testng.SuiteRunner.runTest(SuiteRunner.java:380)
	at org.testng.SuiteRunner.runSequentially(SuiteRunner.java:375)
	at org.testng.SuiteRunner.privateRun(SuiteRunner.java:340)
	at org.testng.SuiteRunner.run(SuiteRunner.java:289)
	at org.testng.SuiteRunnerWorker.runSuite(SuiteRunnerWorker.java:52)
	at org.testng.SuiteRunnerWorker.run(SuiteRunnerWorker.java:86)
	at org.testng.TestNG.runSuitesSequentially(TestNG.java:1301)
	at org.testng.TestNG.runSuitesLocally(TestNG.java:1226)
	at org.testng.TestNG.runSuites(TestNG.java:1144)
	at org.testng.TestNG.run(TestNG.java:1115)
	at org.testng.remote.AbstractRemoteTestNG.run(AbstractRemoteTestNG.java:114)
	at org.testng.remote.RemoteTestNG.initAndRun(RemoteTestNG.java:251)
	at org.testng.remote.RemoteTestNG.main(RemoteTestNG.java:77)
</div></td></tr></table><p class="totop"><a href="#summary">back to summary</a></p><h3 id="m2">com.test.automation.uiAutomation.customerSide.TC001_CheckifBookingSuccessful#testName</h3><table class="result"><tr class="param"><th>Parameter #1</th><th>Parameter #2</th><th>Parameter #3</th><th>Parameter #4</th><th>Parameter #5</th></tr><tr class="param stripe"><td>2017</td><td>November</td><td>15</td><td>5:00 PM</td><td>Y</td></tr><tr><th colspan="5">Messages</th></tr><tr><td colspan="5"><div class="messages">----------------Starting Test TC001_CheckifBookingSuccessful----------------<br/>Opening URL http://automationpractice.com/index.php<br/>Time Zone Pup Submitted.<br/>Current Month Name is: November 2017<br/>Current Month Name is: November 2017<br/>Reached to Month: November 2017<br/>Date Selected as : 15</div></td></tr><tr><th colspan="5">Exception</th></tr><tr><td colspan="5"><div class="stacktrace">org.openqa.selenium.NoSuchElementException: Unable to locate element: //button[@class=&apos;timeSlotSingle ng-pristine ng-untouched ng-valid ng-binding ng-not-empty&apos; and contains(text(),&apos;5:00 PM&apos;)]
For documentation on this error, please visit: http://seleniumhq.org/exceptions/no_such_element.html
Build info: version: &apos;3.6.0&apos;, revision: &apos;6fbf3ec767&apos;, time: &apos;2017-09-27T15:28:36.4Z&apos;
System info: host: &apos;DESKTOP-9UPLSBP&apos;, ip: &apos;192.168.0.233&apos;, os.name: &apos;Windows 8.1&apos;, os.arch: &apos;x86&apos;, os.version: &apos;6.3&apos;, java.version: &apos;1.8.0_51&apos;
Driver info: org.openqa.selenium.firefox.FirefoxDriver
Capabilities [{moz:profile=C:\Users\Jagjeet\AppData\Local\Temp\rust_mozprofile.S0wx5e9xNCvf, rotatable=false, timeouts={implicit=0, pageLoad=300000, script=30000}, pageLoadStrategy=normal, moz:headless=false, platform=XP, specificationLevel=0, moz:accessibilityChecks=false, acceptInsecureCerts=true, browserVersion=56.0.2, platformVersion=10.0, moz:processID=13804, browserName=firefox, javascriptEnabled=true, platformName=XP}]
Session ID: ff57a1d5-c30c-4fe8-8027-64f5ef414226
*** Element info: {Using=xpath, value=//button[@class=&apos;timeSlotSingle ng-pristine ng-untouched ng-valid ng-binding ng-not-empty&apos; and contains(text(),&apos;5:00 PM&apos;)]}
	at sun.reflect.NativeConstructorAccessorImpl.newInstance0(Native Method)
	at sun.reflect.NativeConstructorAccessorImpl.newInstance(NativeConstructorAccessorImpl.java:62)
	at sun.reflect.DelegatingConstructorAccessorImpl.newInstance(DelegatingConstructorAccessorImpl.java:45)
	at java.lang.reflect.Constructor.newInstance(Constructor.java:422)
	at org.openqa.selenium.remote.http.W3CHttpResponseCodec.createException(W3CHttpResponseCodec.java:185)
	at org.openqa.selenium.remote.http.W3CHttpResponseCodec.decode(W3CHttpResponseCodec.java:120)
	at org.openqa.selenium.remote.http.W3CHttpResponseCodec.decode(W3CHttpResponseCodec.java:49)
	at org.openqa.selenium.remote.HttpCommandExecutor.execute(HttpCommandExecutor.java:164)
	at org.openqa.selenium.remote.service.DriverCommandExecutor.execute(DriverCommandExecutor.java:83)
	at org.openqa.selenium.remote.RemoteWebDriver.execute(RemoteWebDriver.java:586)
	at org.openqa.selenium.remote.RemoteWebDriver.findElement(RemoteWebDriver.java:356)
	at org.openqa.selenium.remote.RemoteWebDriver.findElementByXPath(RemoteWebDriver.java:458)
	at org.openqa.selenium.By$ByXPath.findElement(By.java:361)
	at org.openqa.selenium.remote.RemoteWebDriver.findElement(RemoteWebDriver.java:348)
	at com.test.automation.uiAutomation.uiActions.AutomaticBookingPage.selectTime(AutomaticBookingPage.java:130)
	at com.test.automation.uiAutomation.uiActions.AutomaticBookingPage.makeAutomaticBookingAt(AutomaticBookingPage.java:50)
	at com.test.automation.uiAutomation.customerSide.TC001_CheckifBookingSuccessful.testName(TC001_CheckifBookingSuccessful.java:50)
	at sun.reflect.GeneratedMethodAccessor8.invoke(Unknown Source)
	at sun.reflect.DelegatingMethodAccessorImpl.invoke(DelegatingMethodAccessorImpl.java:43)
	at java.lang.reflect.Method.invoke(Method.java:497)
	at org.testng.internal.MethodInvocationHelper.invokeMethod(MethodInvocationHelper.java:108)
	at org.testng.internal.Invoker.invokeMethod(Invoker.java:661)
	at org.testng.internal.Invoker.invokeTestMethod(Invoker.java:869)
	at org.testng.internal.Invoker.invokeTestMethods(Invoker.java:1193)
	at org.testng.internal.TestMethodWorker.invokeTestMethods(TestMethodWorker.java:126)
	at org.testng.internal.TestMethodWorker.run(TestMethodWorker.java:109)
	at org.testng.TestRunner.privateRun(TestRunner.java:744)
	at org.testng.TestRunner.run(TestRunner.java:602)
	at org.testng.SuiteRunner.runTest(SuiteRunner.java:380)
	at org.testng.SuiteRunner.runSequentially(SuiteRunner.java:375)
	at org.testng.SuiteRunner.privateRun(SuiteRunner.java:340)
	at org.testng.SuiteRunner.run(SuiteRunner.java:289)
	at org.testng.SuiteRunnerWorker.runSuite(SuiteRunnerWorker.java:52)
	at org.testng.SuiteRunnerWorker.run(SuiteRunnerWorker.java:86)
	at org.testng.TestNG.runSuitesSequentially(TestNG.java:1301)
	at org.testng.TestNG.runSuitesLocally(TestNG.java:1226)
	at org.testng.TestNG.runSuites(TestNG.java:1144)
	at org.testng.TestNG.run(TestNG.java:1115)
	at org.testng.remote.AbstractRemoteTestNG.run(AbstractRemoteTestNG.java:114)
	at org.testng.remote.RemoteTestNG.initAndRun(RemoteTestNG.java:251)
	at org.testng.remote.RemoteTestNG.main(RemoteTestNG.java:77)
</div></td></tr></table><p class="totop"><a href="#summary">back to summary</a></p><h3 id="m3">com.test.automation.uiAutomation.customerSide.TC001_CheckifBookingSuccessful#testName</h3><table class="result"><tr class="param"><th>Parameter #1</th><th>Parameter #2</th><th>Parameter #3</th><th>Parameter #4</th><th>Parameter #5</th></tr><tr class="param stripe"><td>2017</td><td>November</td><td>15</td><td>5:30 PM</td><td>Y</td></tr><tr><th colspan="5">Messages</th></tr><tr><td colspan="5"><div class="messages">----------------Starting Test TC001_CheckifBookingSuccessful----------------<br/>Opening URL http://automationpractice.com/index.php<br/>Time Zone Pup Submitted.<br/>Current Month Name is: November 2017<br/>Current Month Name is: November 2017<br/>Reached to Month: November 2017<br/>Date Selected as : 15</div></td></tr><tr><th colspan="5">Exception</th></tr><tr><td colspan="5"><div class="stacktrace">org.openqa.selenium.NoSuchElementException: Unable to locate element: //button[@class=&apos;timeSlotSingle ng-pristine ng-untouched ng-valid ng-binding ng-not-empty&apos; and contains(text(),&apos;5:30 PM&apos;)]
For documentation on this error, please visit: http://seleniumhq.org/exceptions/no_such_element.html
Build info: version: &apos;3.6.0&apos;, revision: &apos;6fbf3ec767&apos;, time: &apos;2017-09-27T15:28:36.4Z&apos;
System info: host: &apos;DESKTOP-9UPLSBP&apos;, ip: &apos;192.168.0.233&apos;, os.name: &apos;Windows 8.1&apos;, os.arch: &apos;x86&apos;, os.version: &apos;6.3&apos;, java.version: &apos;1.8.0_51&apos;
Driver info: org.openqa.selenium.firefox.FirefoxDriver
Capabilities [{moz:profile=C:\Users\Jagjeet\AppData\Local\Temp\rust_mozprofile.S0wx5e9xNCvf, rotatable=false, timeouts={implicit=0, pageLoad=300000, script=30000}, pageLoadStrategy=normal, moz:headless=false, platform=XP, specificationLevel=0, moz:accessibilityChecks=false, acceptInsecureCerts=true, browserVersion=56.0.2, platformVersion=10.0, moz:processID=13804, browserName=firefox, javascriptEnabled=true, platformName=XP}]
Session ID: ff57a1d5-c30c-4fe8-8027-64f5ef414226
*** Element info: {Using=xpath, value=//button[@class=&apos;timeSlotSingle ng-pristine ng-untouched ng-valid ng-binding ng-not-empty&apos; and contains(text(),&apos;5:30 PM&apos;)]}
	at sun.reflect.NativeConstructorAccessorImpl.newInstance0(Native Method)
	at sun.reflect.NativeConstructorAccessorImpl.newInstance(NativeConstructorAccessorImpl.java:62)
	at sun.reflect.DelegatingConstructorAccessorImpl.newInstance(DelegatingConstructorAccessorImpl.java:45)
	at java.lang.reflect.Constructor.newInstance(Constructor.java:422)
	at org.openqa.selenium.remote.http.W3CHttpResponseCodec.createException(W3CHttpResponseCodec.java:185)
	at org.openqa.selenium.remote.http.W3CHttpResponseCodec.decode(W3CHttpResponseCodec.java:120)
	at org.openqa.selenium.remote.http.W3CHttpResponseCodec.decode(W3CHttpResponseCodec.java:49)
	at org.openqa.selenium.remote.HttpCommandExecutor.execute(HttpCommandExecutor.java:164)
	at org.openqa.selenium.remote.service.DriverCommandExecutor.execute(DriverCommandExecutor.java:83)
	at org.openqa.selenium.remote.RemoteWebDriver.execute(RemoteWebDriver.java:586)
	at org.openqa.selenium.remote.RemoteWebDriver.findElement(RemoteWebDriver.java:356)
	at org.openqa.selenium.remote.RemoteWebDriver.findElementByXPath(RemoteWebDriver.java:458)
	at org.openqa.selenium.By$ByXPath.findElement(By.java:361)
	at org.openqa.selenium.remote.RemoteWebDriver.findElement(RemoteWebDriver.java:348)
	at com.test.automation.uiAutomation.uiActions.AutomaticBookingPage.selectTime(AutomaticBookingPage.java:130)
	at com.test.automation.uiAutomation.uiActions.AutomaticBookingPage.makeAutomaticBookingAt(AutomaticBookingPage.java:50)
	at com.test.automation.uiAutomation.customerSide.TC001_CheckifBookingSuccessful.testName(TC001_CheckifBookingSuccessful.java:50)
	at sun.reflect.GeneratedMethodAccessor8.invoke(Unknown Source)
	at sun.reflect.DelegatingMethodAccessorImpl.invoke(DelegatingMethodAccessorImpl.java:43)
	at java.lang.reflect.Method.invoke(Method.java:497)
	at org.testng.internal.MethodInvocationHelper.invokeMethod(MethodInvocationHelper.java:108)
	at org.testng.internal.Invoker.invokeMethod(Invoker.java:661)
	at org.testng.internal.Invoker.invokeTestMethod(Invoker.java:869)
	at org.testng.internal.Invoker.invokeTestMethods(Invoker.java:1193)
	at org.testng.internal.TestMethodWorker.invokeTestMethods(TestMethodWorker.java:126)
	at org.testng.internal.TestMethodWorker.run(TestMethodWorker.java:109)
	at org.testng.TestRunner.privateRun(TestRunner.java:744)
	at org.testng.TestRunner.run(TestRunner.java:602)
	at org.testng.SuiteRunner.runTest(SuiteRunner.java:380)
	at org.testng.SuiteRunner.runSequentially(SuiteRunner.java:375)
	at org.testng.SuiteRunner.privateRun(SuiteRunner.java:340)
	at org.testng.SuiteRunner.run(SuiteRunner.java:289)
	at org.testng.SuiteRunnerWorker.runSuite(SuiteRunnerWorker.java:52)
	at org.testng.SuiteRunnerWorker.run(SuiteRunnerWorker.java:86)
	at org.testng.TestNG.runSuitesSequentially(TestNG.java:1301)
	at org.testng.TestNG.runSuitesLocally(TestNG.java:1226)
	at org.testng.TestNG.runSuites(TestNG.java:1144)
	at org.testng.TestNG.run(TestNG.java:1115)
	at org.testng.remote.AbstractRemoteTestNG.run(AbstractRemoteTestNG.java:114)
	at org.testng.remote.RemoteTestNG.initAndRun(RemoteTestNG.java:251)
	at org.testng.remote.RemoteTestNG.main(RemoteTestNG.java:77)
</div></td></tr></table><p class="totop"><a href="#summary">back to summary</a></p><h3 id="m4">com.test.automation.uiAutomation.customerSide.TC001_CheckifBookingSuccessful#testName</h3><table class="result"><tr class="param"><th>Parameter #1</th><th>Parameter #2</th><th>Parameter #3</th><th>Parameter #4</th><th>Parameter #5</th></tr><tr class="param stripe"><td>2017</td><td>November</td><td>15</td><td>2:45 PM</td><td>Y</td></tr><tr><th colspan="5">Messages</th></tr><tr><td colspan="5"><div class="messages">----------------Starting Test TC001_CheckifBookingSuccessful----------------<br/>Opening URL http://automationpractice.com/index.php<br/>Unable to See Time Zone Pup.</div></td></tr><tr><th colspan="5">Exception</th></tr><tr><td colspan="5"><div class="stacktrace">org.openqa.selenium.NoSuchElementException: Unable to locate element: #monthHeading
For documentation on this error, please visit: http://seleniumhq.org/exceptions/no_such_element.html
Build info: version: &apos;3.6.0&apos;, revision: &apos;6fbf3ec767&apos;, time: &apos;2017-09-27T15:28:36.4Z&apos;
System info: host: &apos;DESKTOP-9UPLSBP&apos;, ip: &apos;192.168.0.233&apos;, os.name: &apos;Windows 8.1&apos;, os.arch: &apos;x86&apos;, os.version: &apos;6.3&apos;, java.version: &apos;1.8.0_51&apos;
Driver info: org.openqa.selenium.firefox.FirefoxDriver
Capabilities [{moz:profile=C:\Users\Jagjeet\AppData\Local\Temp\rust_mozprofile.S0wx5e9xNCvf, rotatable=false, timeouts={implicit=0, pageLoad=300000, script=30000}, pageLoadStrategy=normal, moz:headless=false, platform=XP, specificationLevel=0, moz:accessibilityChecks=false, acceptInsecureCerts=true, browserVersion=56.0.2, platformVersion=10.0, moz:processID=13804, browserName=firefox, javascriptEnabled=true, platformName=XP}]
Session ID: ff57a1d5-c30c-4fe8-8027-64f5ef414226
*** Element info: {Using=id, value=monthHeading}
	at sun.reflect.NativeConstructorAccessorImpl.newInstance0(Native Method)
	at sun.reflect.NativeConstructorAccessorImpl.newInstance(NativeConstructorAccessorImpl.java:62)
	at sun.reflect.DelegatingConstructorAccessorImpl.newInstance(DelegatingConstructorAccessorImpl.java:45)
	at java.lang.reflect.Constructor.newInstance(Constructor.java:422)
	at org.openqa.selenium.remote.http.W3CHttpResponseCodec.createException(W3CHttpResponseCodec.java:185)
	at org.openqa.selenium.remote.http.W3CHttpResponseCodec.decode(W3CHttpResponseCodec.java:120)
	at org.openqa.selenium.remote.http.W3CHttpResponseCodec.decode(W3CHttpResponseCodec.java:49)
	at org.openqa.selenium.remote.HttpCommandExecutor.execute(HttpCommandExecutor.java:164)
	at org.openqa.selenium.remote.service.DriverCommandExecutor.execute(DriverCommandExecutor.java:83)
	at org.openqa.selenium.remote.RemoteWebDriver.execute(RemoteWebDriver.java:586)
	at org.openqa.selenium.remote.RemoteWebDriver.findElement(RemoteWebDriver.java:356)
	at org.openqa.selenium.remote.RemoteWebDriver.findElementById(RemoteWebDriver.java:402)
	at org.openqa.selenium.By$ById.findElement(By.java:218)
	at org.openqa.selenium.remote.RemoteWebDriver.findElement(RemoteWebDriver.java:348)
	at org.openqa.selenium.support.pagefactory.DefaultElementLocator.findElement(DefaultElementLocator.java:69)
	at org.openqa.selenium.support.pagefactory.internal.LocatingElementHandler.invoke(LocatingElementHandler.java:38)
	at com.sun.proxy.$Proxy12.getText(Unknown Source)
	at com.test.automation.uiAutomation.uiActions.AutomaticBookingPage.getCurrentMonthName(AutomaticBookingPage.java:82)
	at com.test.automation.uiAutomation.uiActions.AutomaticBookingPage.navigateToMonth(AutomaticBookingPage.java:105)
	at com.test.automation.uiAutomation.uiActions.AutomaticBookingPage.makeAutomaticBookingAt(AutomaticBookingPage.java:48)
	at com.test.automation.uiAutomation.customerSide.TC001_CheckifBookingSuccessful.testName(TC001_CheckifBookingSuccessful.java:50)
	at sun.reflect.GeneratedMethodAccessor8.invoke(Unknown Source)
	at sun.reflect.DelegatingMethodAccessorImpl.invoke(DelegatingMethodAccessorImpl.java:43)
	at java.lang.reflect.Method.invoke(Method.java:497)
	at org.testng.internal.MethodInvocationHelper.invokeMethod(MethodInvocationHelper.java:108)
	at org.testng.internal.Invoker.invokeMethod(Invoker.java:661)
	at org.testng.internal.Invoker.invokeTestMethod(Invoker.java:869)
	at org.testng.internal.Invoker.invokeTestMethods(Invoker.java:1193)
	at org.testng.internal.TestMethodWorker.invokeTestMethods(TestMethodWorker.java:126)
	at org.testng.internal.TestMethodWorker.run(TestMethodWorker.java:109)
	at org.testng.TestRunner.privateRun(TestRunner.java:744)
	at org.testng.TestRunner.run(TestRunner.java:602)
	at org.testng.SuiteRunner.runTest(SuiteRunner.java:380)
	at org.testng.SuiteRunner.runSequentially(SuiteRunner.java:375)
	at org.testng.SuiteRunner.privateRun(SuiteRunner.java:340)
	at org.testng.SuiteRunner.run(SuiteRunner.java:289)
	at org.testng.SuiteRunnerWorker.runSuite(SuiteRunnerWorker.java:52)
	at org.testng.SuiteRunnerWorker.run(SuiteRunnerWorker.java:86)
	at org.testng.TestNG.runSuitesSequentially(TestNG.java:1301)
	at org.testng.TestNG.runSuitesLocally(TestNG.java:1226)
	at org.testng.TestNG.runSuites(TestNG.java:1144)
	at org.testng.TestNG.run(TestNG.java:1115)
	at org.testng.remote.AbstractRemoteTestNG.run(AbstractRemoteTestNG.java:114)
	at org.testng.remote.RemoteTestNG.initAndRun(RemoteTestNG.java:251)
	at org.testng.remote.RemoteTestNG.main(RemoteTestNG.java:77)
</div></td></tr></table><p class="totop"><a href="#summary">back to summary</a></p><h3 id="m5">com.test.automation.uiAutomation.customerSide.TC001_CheckifBookingSuccessful#testName</h3><table class="result"><tr class="param"><th>Parameter #1</th><th>Parameter #2</th><th>Parameter #3</th><th>Parameter #4</th><th>Parameter #5</th></tr><tr class="param stripe"><td>2017</td><td>November</td><td>15</td><td>5:45 PM</td><td>Y</td></tr><tr><th colspan="5">Messages</th></tr><tr><td colspan="5"><div class="messages">----------------Starting Test TC001_CheckifBookingSuccessful----------------<br/>Opening URL http://automationpractice.com/index.php<br/>Time Zone Pup Submitted.<br/>Current Month Name is: November 2017<br/>Current Month Name is: November 2017<br/>Reached to Month: November 2017<br/>Date Selected as : 15</div></td></tr><tr><th colspan="5">Exception</th></tr><tr><td colspan="5"><div class="stacktrace">org.openqa.selenium.NoSuchElementException: Unable to locate element: //button[@class=&apos;timeSlotSingle ng-pristine ng-untouched ng-valid ng-binding ng-not-empty&apos; and contains(text(),&apos;5:45 PM&apos;)]
For documentation on this error, please visit: http://seleniumhq.org/exceptions/no_such_element.html
Build info: version: &apos;3.6.0&apos;, revision: &apos;6fbf3ec767&apos;, time: &apos;2017-09-27T15:28:36.4Z&apos;
System info: host: &apos;DESKTOP-9UPLSBP&apos;, ip: &apos;192.168.0.233&apos;, os.name: &apos;Windows 8.1&apos;, os.arch: &apos;x86&apos;, os.version: &apos;6.3&apos;, java.version: &apos;1.8.0_51&apos;
Driver info: org.openqa.selenium.firefox.FirefoxDriver
Capabilities [{moz:profile=C:\Users\Jagjeet\AppData\Local\Temp\rust_mozprofile.S0wx5e9xNCvf, rotatable=false, timeouts={implicit=0, pageLoad=300000, script=30000}, pageLoadStrategy=normal, moz:headless=false, platform=XP, specificationLevel=0, moz:accessibilityChecks=false, acceptInsecureCerts=true, browserVersion=56.0.2, platformVersion=10.0, moz:processID=13804, browserName=firefox, javascriptEnabled=true, platformName=XP}]
Session ID: ff57a1d5-c30c-4fe8-8027-64f5ef414226
*** Element info: {Using=xpath, value=//button[@class=&apos;timeSlotSingle ng-pristine ng-untouched ng-valid ng-binding ng-not-empty&apos; and contains(text(),&apos;5:45 PM&apos;)]}
	at sun.reflect.NativeConstructorAccessorImpl.newInstance0(Native Method)
	at sun.reflect.NativeConstructorAccessorImpl.newInstance(NativeConstructorAccessorImpl.java:62)
	at sun.reflect.DelegatingConstructorAccessorImpl.newInstance(DelegatingConstructorAccessorImpl.java:45)
	at java.lang.reflect.Constructor.newInstance(Constructor.java:422)
	at org.openqa.selenium.remote.http.W3CHttpResponseCodec.createException(W3CHttpResponseCodec.java:185)
	at org.openqa.selenium.remote.http.W3CHttpResponseCodec.decode(W3CHttpResponseCodec.java:120)
	at org.openqa.selenium.remote.http.W3CHttpResponseCodec.decode(W3CHttpResponseCodec.java:49)
	at org.openqa.selenium.remote.HttpCommandExecutor.execute(HttpCommandExecutor.java:164)
	at org.openqa.selenium.remote.service.DriverCommandExecutor.execute(DriverCommandExecutor.java:83)
	at org.openqa.selenium.remote.RemoteWebDriver.execute(RemoteWebDriver.java:586)
	at org.openqa.selenium.remote.RemoteWebDriver.findElement(RemoteWebDriver.java:356)
	at org.openqa.selenium.remote.RemoteWebDriver.findElementByXPath(RemoteWebDriver.java:458)
	at org.openqa.selenium.By$ByXPath.findElement(By.java:361)
	at org.openqa.selenium.remote.RemoteWebDriver.findElement(RemoteWebDriver.java:348)
	at com.test.automation.uiAutomation.uiActions.AutomaticBookingPage.selectTime(AutomaticBookingPage.java:130)
	at com.test.automation.uiAutomation.uiActions.AutomaticBookingPage.makeAutomaticBookingAt(AutomaticBookingPage.java:50)
	at com.test.automation.uiAutomation.customerSide.TC001_CheckifBookingSuccessful.testName(TC001_CheckifBookingSuccessful.java:50)
	at sun.reflect.GeneratedMethodAccessor8.invoke(Unknown Source)
	at sun.reflect.DelegatingMethodAccessorImpl.invoke(DelegatingMethodAccessorImpl.java:43)
	at java.lang.reflect.Method.invoke(Method.java:497)
	at org.testng.internal.MethodInvocationHelper.invokeMethod(MethodInvocationHelper.java:108)
	at org.testng.internal.Invoker.invokeMethod(Invoker.java:661)
	at org.testng.internal.Invoker.invokeTestMethod(Invoker.java:869)
	at org.testng.internal.Invoker.invokeTestMethods(Invoker.java:1193)
	at org.testng.internal.TestMethodWorker.invokeTestMethods(TestMethodWorker.java:126)
	at org.testng.internal.TestMethodWorker.run(TestMethodWorker.java:109)
	at org.testng.TestRunner.privateRun(TestRunner.java:744)
	at org.testng.TestRunner.run(TestRunner.java:602)
	at org.testng.SuiteRunner.runTest(SuiteRunner.java:380)
	at org.testng.SuiteRunner.runSequentially(SuiteRunner.java:375)
	at org.testng.SuiteRunner.privateRun(SuiteRunner.java:340)
	at org.testng.SuiteRunner.run(SuiteRunner.java:289)
	at org.testng.SuiteRunnerWorker.runSuite(SuiteRunnerWorker.java:52)
	at org.testng.SuiteRunnerWorker.run(SuiteRunnerWorker.java:86)
	at org.testng.TestNG.runSuitesSequentially(TestNG.java:1301)
	at org.testng.TestNG.runSuitesLocally(TestNG.java:1226)
	at org.testng.TestNG.runSuites(TestNG.java:1144)
	at org.testng.TestNG.run(TestNG.java:1115)
	at org.testng.remote.AbstractRemoteTestNG.run(AbstractRemoteTestNG.java:114)
	at org.testng.remote.RemoteTestNG.initAndRun(RemoteTestNG.java:251)
	at org.testng.remote.RemoteTestNG.main(RemoteTestNG.java:77)
</div></td></tr></table><p class="totop"><a href="#summary">back to summary</a></p><h3 id="m6">com.test.automation.uiAutomation.customerSide.TC001_CheckifBookingSuccessful#testName</h3><table class="result"><tr class="param"><th>Parameter #1</th><th>Parameter #2</th><th>Parameter #3</th><th>Parameter #4</th><th>Parameter #5</th></tr><tr class="param stripe"><td>2017</td><td>November</td><td>15</td><td>12:00 AM</td><td>Y</td></tr><tr><th colspan="5">Messages</th></tr><tr><td colspan="5"><div class="messages">----------------Starting Test TC001_CheckifBookingSuccessful----------------<br/>Opening URL http://automationpractice.com/index.php<br/>Time Zone Pup Submitted.<br/>Current Month Name is: November 2017<br/>Current Month Name is: November 2017<br/>Reached to Month: November 2017<br/>Date Selected as : 15</div></td></tr><tr><th colspan="5">Exception</th></tr><tr><td colspan="5"><div class="stacktrace">org.openqa.selenium.NoSuchElementException: Unable to locate element: //button[@class=&apos;timeSlotSingle ng-pristine ng-untouched ng-valid ng-binding ng-not-empty&apos; and contains(text(),&apos;12:00 AM&apos;)]
For documentation on this error, please visit: http://seleniumhq.org/exceptions/no_such_element.html
Build info: version: &apos;3.6.0&apos;, revision: &apos;6fbf3ec767&apos;, time: &apos;2017-09-27T15:28:36.4Z&apos;
System info: host: &apos;DESKTOP-9UPLSBP&apos;, ip: &apos;192.168.0.233&apos;, os.name: &apos;Windows 8.1&apos;, os.arch: &apos;x86&apos;, os.version: &apos;6.3&apos;, java.version: &apos;1.8.0_51&apos;
Driver info: org.openqa.selenium.firefox.FirefoxDriver
Capabilities [{moz:profile=C:\Users\Jagjeet\AppData\Local\Temp\rust_mozprofile.S0wx5e9xNCvf, rotatable=false, timeouts={implicit=0, pageLoad=300000, script=30000}, pageLoadStrategy=normal, moz:headless=false, platform=XP, specificationLevel=0, moz:accessibilityChecks=false, acceptInsecureCerts=true, browserVersion=56.0.2, platformVersion=10.0, moz:processID=13804, browserName=firefox, javascriptEnabled=true, platformName=XP}]
Session ID: ff57a1d5-c30c-4fe8-8027-64f5ef414226
*** Element info: {Using=xpath, value=//button[@class=&apos;timeSlotSingle ng-pristine ng-untouched ng-valid ng-binding ng-not-empty&apos; and contains(text(),&apos;12:00 AM&apos;)]}
	at sun.reflect.NativeConstructorAccessorImpl.newInstance0(Native Method)
	at sun.reflect.NativeConstructorAccessorImpl.newInstance(NativeConstructorAccessorImpl.java:62)
	at sun.reflect.DelegatingConstructorAccessorImpl.newInstance(DelegatingConstructorAccessorImpl.java:45)
	at java.lang.reflect.Constructor.newInstance(Constructor.java:422)
	at org.openqa.selenium.remote.http.W3CHttpResponseCodec.createException(W3CHttpResponseCodec.java:185)
	at org.openqa.selenium.remote.http.W3CHttpResponseCodec.decode(W3CHttpResponseCodec.java:120)
	at org.openqa.selenium.remote.http.W3CHttpResponseCodec.decode(W3CHttpResponseCodec.java:49)
	at org.openqa.selenium.remote.HttpCommandExecutor.execute(HttpCommandExecutor.java:164)
	at org.openqa.selenium.remote.service.DriverCommandExecutor.execute(DriverCommandExecutor.java:83)
	at org.openqa.selenium.remote.RemoteWebDriver.execute(RemoteWebDriver.java:586)
	at org.openqa.selenium.remote.RemoteWebDriver.findElement(RemoteWebDriver.java:356)
	at org.openqa.selenium.remote.RemoteWebDriver.findElementByXPath(RemoteWebDriver.java:458)
	at org.openqa.selenium.By$ByXPath.findElement(By.java:361)
	at org.openqa.selenium.remote.RemoteWebDriver.findElement(RemoteWebDriver.java:348)
	at com.test.automation.uiAutomation.uiActions.AutomaticBookingPage.selectTime(AutomaticBookingPage.java:130)
	at com.test.automation.uiAutomation.uiActions.AutomaticBookingPage.makeAutomaticBookingAt(AutomaticBookingPage.java:50)
	at com.test.automation.uiAutomation.customerSide.TC001_CheckifBookingSuccessful.testName(TC001_CheckifBookingSuccessful.java:50)
	at sun.reflect.GeneratedMethodAccessor8.invoke(Unknown Source)
	at sun.reflect.DelegatingMethodAccessorImpl.invoke(DelegatingMethodAccessorImpl.java:43)
	at java.lang.reflect.Method.invoke(Method.java:497)
	at org.testng.internal.MethodInvocationHelper.invokeMethod(MethodInvocationHelper.java:108)
	at org.testng.internal.Invoker.invokeMethod(Invoker.java:661)
	at org.testng.internal.Invoker.invokeTestMethod(Invoker.java:869)
	at org.testng.internal.Invoker.invokeTestMethods(Invoker.java:1193)
	at org.testng.internal.TestMethodWorker.invokeTestMethods(TestMethodWorker.java:126)
	at org.testng.internal.TestMethodWorker.run(TestMethodWorker.java:109)
	at org.testng.TestRunner.privateRun(TestRunner.java:744)
	at org.testng.TestRunner.run(TestRunner.java:602)
	at org.testng.SuiteRunner.runTest(SuiteRunner.java:380)
	at org.testng.SuiteRunner.runSequentially(SuiteRunner.java:375)
	at org.testng.SuiteRunner.privateRun(SuiteRunner.java:340)
	at org.testng.SuiteRunner.run(SuiteRunner.java:289)
	at org.testng.SuiteRunnerWorker.runSuite(SuiteRunnerWorker.java:52)
	at org.testng.SuiteRunnerWorker.run(SuiteRunnerWorker.java:86)
	at org.testng.TestNG.runSuitesSequentially(TestNG.java:1301)
	at org.testng.TestNG.runSuitesLocally(TestNG.java:1226)
	at org.testng.TestNG.runSuites(TestNG.java:1144)
	at org.testng.TestNG.run(TestNG.java:1115)
	at org.testng.remote.AbstractRemoteTestNG.run(AbstractRemoteTestNG.java:114)
	at org.testng.remote.RemoteTestNG.initAndRun(RemoteTestNG.java:251)
	at org.testng.remote.RemoteTestNG.main(RemoteTestNG.java:77)
</div></td></tr></table><p class="totop"><a href="#summary">back to summary</a></p><h3 id="m7">com.test.automation.uiAutomation.customerSide.TC001_CheckifBookingSuccessful#testName</h3><table class="result"><tr class="param"><th>Parameter #1</th><th>Parameter #2</th><th>Parameter #3</th><th>Parameter #4</th><th>Parameter #5</th></tr><tr class="param stripe"><td>2017</td><td>November</td><td>15</td><td>12:15 AM</td><td>Y</td></tr><tr><th colspan="5">Messages</th></tr><tr><td colspan="5"><div class="messages">----------------Starting Test TC001_CheckifBookingSuccessful----------------<br/>Opening URL http://automationpractice.com/index.php<br/>Time Zone Pup Submitted.<br/>Current Month Name is: November 2017<br/>Current Month Name is: November 2017<br/>Reached to Month: November 2017<br/>Date Selected as : 15</div></td></tr><tr><th colspan="5">Exception</th></tr><tr><td colspan="5"><div class="stacktrace">org.openqa.selenium.NoSuchElementException: Unable to locate element: //button[@class=&apos;timeSlotSingle ng-pristine ng-untouched ng-valid ng-binding ng-not-empty&apos; and contains(text(),&apos;12:15 AM&apos;)]
For documentation on this error, please visit: http://seleniumhq.org/exceptions/no_such_element.html
Build info: version: &apos;3.6.0&apos;, revision: &apos;6fbf3ec767&apos;, time: &apos;2017-09-27T15:28:36.4Z&apos;
System info: host: &apos;DESKTOP-9UPLSBP&apos;, ip: &apos;192.168.0.233&apos;, os.name: &apos;Windows 8.1&apos;, os.arch: &apos;x86&apos;, os.version: &apos;6.3&apos;, java.version: &apos;1.8.0_51&apos;
Driver info: org.openqa.selenium.firefox.FirefoxDriver
Capabilities [{moz:profile=C:\Users\Jagjeet\AppData\Local\Temp\rust_mozprofile.S0wx5e9xNCvf, rotatable=false, timeouts={implicit=0, pageLoad=300000, script=30000}, pageLoadStrategy=normal, moz:headless=false, platform=XP, specificationLevel=0, moz:accessibilityChecks=false, acceptInsecureCerts=true, browserVersion=56.0.2, platformVersion=10.0, moz:processID=13804, browserName=firefox, javascriptEnabled=true, platformName=XP}]
Session ID: ff57a1d5-c30c-4fe8-8027-64f5ef414226
*** Element info: {Using=xpath, value=//button[@class=&apos;timeSlotSingle ng-pristine ng-untouched ng-valid ng-binding ng-not-empty&apos; and contains(text(),&apos;12:15 AM&apos;)]}
	at sun.reflect.NativeConstructorAccessorImpl.newInstance0(Native Method)
	at sun.reflect.NativeConstructorAccessorImpl.newInstance(NativeConstructorAccessorImpl.java:62)
	at sun.reflect.DelegatingConstructorAccessorImpl.newInstance(DelegatingConstructorAccessorImpl.java:45)
	at java.lang.reflect.Constructor.newInstance(Constructor.java:422)
	at org.openqa.selenium.remote.http.W3CHttpResponseCodec.createException(W3CHttpResponseCodec.java:185)
	at org.openqa.selenium.remote.http.W3CHttpResponseCodec.decode(W3CHttpResponseCodec.java:120)
	at org.openqa.selenium.remote.http.W3CHttpResponseCodec.decode(W3CHttpResponseCodec.java:49)
	at org.openqa.selenium.remote.HttpCommandExecutor.execute(HttpCommandExecutor.java:164)
	at org.openqa.selenium.remote.service.DriverCommandExecutor.execute(DriverCommandExecutor.java:83)
	at org.openqa.selenium.remote.RemoteWebDriver.execute(RemoteWebDriver.java:586)
	at org.openqa.selenium.remote.RemoteWebDriver.findElement(RemoteWebDriver.java:356)
	at org.openqa.selenium.remote.RemoteWebDriver.findElementByXPath(RemoteWebDriver.java:458)
	at org.openqa.selenium.By$ByXPath.findElement(By.java:361)
	at org.openqa.selenium.remote.RemoteWebDriver.findElement(RemoteWebDriver.java:348)
	at com.test.automation.uiAutomation.uiActions.AutomaticBookingPage.selectTime(AutomaticBookingPage.java:130)
	at com.test.automation.uiAutomation.uiActions.AutomaticBookingPage.makeAutomaticBookingAt(AutomaticBookingPage.java:50)
	at com.test.automation.uiAutomation.customerSide.TC001_CheckifBookingSuccessful.testName(TC001_CheckifBookingSuccessful.java:50)
	at sun.reflect.GeneratedMethodAccessor8.invoke(Unknown Source)
	at sun.reflect.DelegatingMethodAccessorImpl.invoke(DelegatingMethodAccessorImpl.java:43)
	at java.lang.reflect.Method.invoke(Method.java:497)
	at org.testng.internal.MethodInvocationHelper.invokeMethod(MethodInvocationHelper.java:108)
	at org.testng.internal.Invoker.invokeMethod(Invoker.java:661)
	at org.testng.internal.Invoker.invokeTestMethod(Invoker.java:869)
	at org.testng.internal.Invoker.invokeTestMethods(Invoker.java:1193)
	at org.testng.internal.TestMethodWorker.invokeTestMethods(TestMethodWorker.java:126)
	at org.testng.internal.TestMethodWorker.run(TestMethodWorker.java:109)
	at org.testng.TestRunner.privateRun(TestRunner.java:744)
	at org.testng.TestRunner.run(TestRunner.java:602)
	at org.testng.SuiteRunner.runTest(SuiteRunner.java:380)
	at org.testng.SuiteRunner.runSequentially(SuiteRunner.java:375)
	at org.testng.SuiteRunner.privateRun(SuiteRunner.java:340)
	at org.testng.SuiteRunner.run(SuiteRunner.java:289)
	at org.testng.SuiteRunnerWorker.runSuite(SuiteRunnerWorker.java:52)
	at org.testng.SuiteRunnerWorker.run(SuiteRunnerWorker.java:86)
	at org.testng.TestNG.runSuitesSequentially(TestNG.java:1301)
	at org.testng.TestNG.runSuitesLocally(TestNG.java:1226)
	at org.testng.TestNG.runSuites(TestNG.java:1144)
	at org.testng.TestNG.run(TestNG.java:1115)
	at org.testng.remote.AbstractRemoteTestNG.run(AbstractRemoteTestNG.java:114)
	at org.testng.remote.RemoteTestNG.initAndRun(RemoteTestNG.java:251)
	at org.testng.remote.RemoteTestNG.main(RemoteTestNG.java:77)
</div></td></tr></table><p class="totop"><a href="#summary">back to summary</a></p><h3 id="m8">com.test.automation.uiAutomation.customerSide.TC001_CheckifBookingSuccessful#testName</h3><table class="result"><tr class="param"><th>Parameter #1</th><th>Parameter #2</th><th>Parameter #3</th><th>Parameter #4</th><th>Parameter #5</th></tr><tr class="param stripe"><td>2017</td><td>November</td><td>15</td><td>5:15 PM</td><td>Y</td></tr><tr><th colspan="5">Messages</th></tr><tr><td colspan="5"><div class="messages">----------------Starting Test TC001_CheckifBookingSuccessful----------------<br/>Opening URL http://automationpractice.com/index.php<br/>Time Zone Pup Submitted.<br/>Current Month Name is: November 2017<br/>Current Month Name is: November 2017<br/>Reached to Month: November 2017<br/>Date Selected as : 15</div></td></tr><tr><th colspan="5">Exception</th></tr><tr><td colspan="5"><div class="stacktrace">org.openqa.selenium.NoSuchElementException: Unable to locate element: //button[@class=&apos;timeSlotSingle ng-pristine ng-untouched ng-valid ng-binding ng-not-empty&apos; and contains(text(),&apos;5:15 PM&apos;)]
For documentation on this error, please visit: http://seleniumhq.org/exceptions/no_such_element.html
Build info: version: &apos;3.6.0&apos;, revision: &apos;6fbf3ec767&apos;, time: &apos;2017-09-27T15:28:36.4Z&apos;
System info: host: &apos;DESKTOP-9UPLSBP&apos;, ip: &apos;192.168.0.233&apos;, os.name: &apos;Windows 8.1&apos;, os.arch: &apos;x86&apos;, os.version: &apos;6.3&apos;, java.version: &apos;1.8.0_51&apos;
Driver info: org.openqa.selenium.firefox.FirefoxDriver
Capabilities [{moz:profile=C:\Users\Jagjeet\AppData\Local\Temp\rust_mozprofile.S0wx5e9xNCvf, rotatable=false, timeouts={implicit=0, pageLoad=300000, script=30000}, pageLoadStrategy=normal, moz:headless=false, platform=XP, specificationLevel=0, moz:accessibilityChecks=false, acceptInsecureCerts=true, browserVersion=56.0.2, platformVersion=10.0, moz:processID=13804, browserName=firefox, javascriptEnabled=true, platformName=XP}]
Session ID: ff57a1d5-c30c-4fe8-8027-64f5ef414226
*** Element info: {Using=xpath, value=//button[@class=&apos;timeSlotSingle ng-pristine ng-untouched ng-valid ng-binding ng-not-empty&apos; and contains(text(),&apos;5:15 PM&apos;)]}
	at sun.reflect.NativeConstructorAccessorImpl.newInstance0(Native Method)
	at sun.reflect.NativeConstructorAccessorImpl.newInstance(NativeConstructorAccessorImpl.java:62)
	at sun.reflect.DelegatingConstructorAccessorImpl.newInstance(DelegatingConstructorAccessorImpl.java:45)
	at java.lang.reflect.Constructor.newInstance(Constructor.java:422)
	at org.openqa.selenium.remote.http.W3CHttpResponseCodec.createException(W3CHttpResponseCodec.java:185)
	at org.openqa.selenium.remote.http.W3CHttpResponseCodec.decode(W3CHttpResponseCodec.java:120)
	at org.openqa.selenium.remote.http.W3CHttpResponseCodec.decode(W3CHttpResponseCodec.java:49)
	at org.openqa.selenium.remote.HttpCommandExecutor.execute(HttpCommandExecutor.java:164)
	at org.openqa.selenium.remote.service.DriverCommandExecutor.execute(DriverCommandExecutor.java:83)
	at org.openqa.selenium.remote.RemoteWebDriver.execute(RemoteWebDriver.java:586)
	at org.openqa.selenium.remote.RemoteWebDriver.findElement(RemoteWebDriver.java:356)
	at org.openqa.selenium.remote.RemoteWebDriver.findElementByXPath(RemoteWebDriver.java:458)
	at org.openqa.selenium.By$ByXPath.findElement(By.java:361)
	at org.openqa.selenium.remote.RemoteWebDriver.findElement(RemoteWebDriver.java:348)
	at com.test.automation.uiAutomation.uiActions.AutomaticBookingPage.selectTime(AutomaticBookingPage.java:130)
	at com.test.automation.uiAutomation.uiActions.AutomaticBookingPage.makeAutomaticBookingAt(AutomaticBookingPage.java:50)
	at com.test.automation.uiAutomation.customerSide.TC001_CheckifBookingSuccessful.testName(TC001_CheckifBookingSuccessful.java:50)
	at sun.reflect.GeneratedMethodAccessor8.invoke(Unknown Source)
	at sun.reflect.DelegatingMethodAccessorImpl.invoke(DelegatingMethodAccessorImpl.java:43)
	at java.lang.reflect.Method.invoke(Method.java:497)
	at org.testng.internal.MethodInvocationHelper.invokeMethod(MethodInvocationHelper.java:108)
	at org.testng.internal.Invoker.invokeMethod(Invoker.java:661)
	at org.testng.internal.Invoker.invokeTestMethod(Invoker.java:869)
	at org.testng.internal.Invoker.invokeTestMethods(Invoker.java:1193)
	at org.testng.internal.TestMethodWorker.invokeTestMethods(TestMethodWorker.java:126)
	at org.testng.internal.TestMethodWorker.run(TestMethodWorker.java:109)
	at org.testng.TestRunner.privateRun(TestRunner.java:744)
	at org.testng.TestRunner.run(TestRunner.java:602)
	at org.testng.SuiteRunner.runTest(SuiteRunner.java:380)
	at org.testng.SuiteRunner.runSequentially(SuiteRunner.java:375)
	at org.testng.SuiteRunner.privateRun(SuiteRunner.java:340)
	at org.testng.SuiteRunner.run(SuiteRunner.java:289)
	at org.testng.SuiteRunnerWorker.runSuite(SuiteRunnerWorker.java:52)
	at org.testng.SuiteRunnerWorker.run(SuiteRunnerWorker.java:86)
	at org.testng.TestNG.runSuitesSequentially(TestNG.java:1301)
	at org.testng.TestNG.runSuitesLocally(TestNG.java:1226)
	at org.testng.TestNG.runSuites(TestNG.java:1144)
	at org.testng.TestNG.run(TestNG.java:1115)
	at org.testng.remote.AbstractRemoteTestNG.run(AbstractRemoteTestNG.java:114)
	at org.testng.remote.RemoteTestNG.initAndRun(RemoteTestNG.java:251)
	at org.testng.remote.RemoteTestNG.main(RemoteTestNG.java:77)
</div></td></tr></table><p class="totop"><a href="#summary">back to summary</a></p><h3 id="m9">com.test.automation.uiAutomation.customerSide.TC001_CheckifBookingSuccessful#testName</h3><table class="result"><tr class="param"><th>Parameter #1</th><th>Parameter #2</th><th>Parameter #3</th><th>Parameter #4</th><th>Parameter #5</th></tr><tr class="param stripe"><td>2017</td><td>November</td><td>15</td><td>4:45 PM</td><td>Y</td></tr><tr><th colspan="5">Messages</th></tr><tr><td colspan="5"><div class="messages">----------------Starting Test TC001_CheckifBookingSuccessful----------------<br/>Opening URL http://automationpractice.com/index.php<br/>Time Zone Pup Submitted.<br/>Current Month Name is: November 2017<br/>Current Month Name is: November 2017<br/>Reached to Month: November 2017<br/>Date Selected as : 15<br/>Time Selected as : 4:45 PM<br/>----------------Completed Test TC001_CheckifBookingSuccessful----------------</div></td></tr></table><p class="totop"><a href="#summary">back to summary</a></p><h3 id="m10">com.test.automation.uiAutomation.customerSide.TC001_CheckifBookingSuccessful#testName</h3><table class="result"><tr class="param"><th>Parameter #1</th><th>Parameter #2</th><th>Parameter #3</th><th>Parameter #4</th><th>Parameter #5</th></tr><tr class="param stripe"><td>2017</td><td>November</td><td>15</td><td>10:30 AM</td><td>Y</td></tr><tr><th colspan="5">Messages</th></tr><tr><td colspan="5"><div class="messages">----------------Starting Test TC001_CheckifBookingSuccessful----------------<br/>Opening URL http://automationpractice.com/index.php<br/>Time Zone Pup Submitted.<br/>Current Month Name is: November 2017<br/>Current Month Name is: November 2017<br/>Reached to Month: November 2017<br/>Date Selected as : 15<br/>Time Selected as : 10:30 AM<br/>----------------Completed Test TC001_CheckifBookingSuccessful----------------</div></td></tr></table><p class="totop"><a href="#summary">back to summary</a></p><h3 id="m11">com.test.automation.uiAutomation.customerSide.TC001_CheckifBookingSuccessful#testName</h3><table class="result"><tr class="param"><th>Parameter #1</th><th>Parameter #2</th><th>Parameter #3</th><th>Parameter #4</th><th>Parameter #5</th></tr><tr class="param stripe"><td>2017</td><td>November</td><td>15</td><td>8:45 AM</td><td>Y</td></tr><tr><th colspan="5">Messages</th></tr><tr><td colspan="5"><div class="messages">----------------Starting Test TC001_CheckifBookingSuccessful----------------<br/>Opening URL http://automationpractice.com/index.php<br/>Time Zone Pup Submitted.<br/>Current Month Name is: November 2017<br/>Current Month Name is: November 2017<br/>Reached to Month: November 2017<br/>Date Selected as : 15<br/>Time Selected as : 8:45 AM<br/>----------------Completed Test TC001_CheckifBookingSuccessful----------------</div></td></tr></table><p class="totop"><a href="#summary">back to summary</a></p><h3 id="m12">com.test.automation.uiAutomation.customerSide.TC001_CheckifBookingSuccessful#testName</h3><table class="result"><tr class="param"><th>Parameter #1</th><th>Parameter #2</th><th>Parameter #3</th><th>Parameter #4</th><th>Parameter #5</th></tr><tr class="param stripe"><td>2017</td><td>November</td><td>15</td><td>11:30 AM</td><td>Y</td></tr><tr><th colspan="5">Messages</th></tr><tr><td colspan="5"><div class="messages">----------------Starting Test TC001_CheckifBookingSuccessful----------------<br/>Opening URL http://automationpractice.com/index.php<br/>Time Zone Pup Submitted.<br/>Current Month Name is: November 2017<br/>Current Month Name is: November 2017<br/>Reached to Month: November 2017<br/>Date Selected as : 15<br/>Time Selected as : 11:30 AM<br/>----------------Completed Test TC001_CheckifBookingSuccessful----------------</div></td></tr></table><p class="totop"><a href="#summary">back to summary</a></p><h3 id="m13">com.test.automation.uiAutomation.customerSide.TC001_CheckifBookingSuccessful#testName</h3><table class="result"><tr class="param"><th>Parameter #1</th><th>Parameter #2</th><th>Parameter #3</th><th>Parameter #4</th><th>Parameter #5</th></tr><tr class="param stripe"><td>2017</td><td>November</td><td>15</td><td>3:45 PM</td><td>Y</td></tr><tr><th colspan="5">Messages</th></tr><tr><td colspan="5"><div class="messages">----------------Starting Test TC001_CheckifBookingSuccessful----------------<br/>Opening URL http://automationpractice.com/index.php<br/>Time Zone Pup Submitted.<br/>Current Month Name is: November 2017<br/>Current Month Name is: November 2017<br/>Reached to Month: November 2017<br/>Date Selected as : 15<br/>Time Selected as : 3:45 PM<br/>----------------Completed Test TC001_CheckifBookingSuccessful----------------</div></td></tr></table><p class="totop"><a href="#summary">back to summary</a></p><h3 id="m14">com.test.automation.uiAutomation.customerSide.TC001_CheckifBookingSuccessful#testName</h3><table class="result"><tr class="param"><th>Parameter #1</th><th>Parameter #2</th><th>Parameter #3</th><th>Parameter #4</th><th>Parameter #5</th></tr><tr class="param stripe"><td>2017</td><td>November</td><td>15</td><td>7:00 AM</td><td>Y</td></tr><tr><th colspan="5">Messages</th></tr><tr><td colspan="5"><div class="messages">----------------Starting Test TC001_CheckifBookingSuccessful----------------<br/>Opening URL http://automationpractice.com/index.php<br/>Time Zone Pup Submitted.<br/>Current Month Name is: November 2017<br/>Current Month Name is: November 2017<br/>Reached to Month: November 2017<br/>Date Selected as : 15<br/>Time Selected as : 7:00 AM<br/>----------------Completed Test TC001_CheckifBookingSuccessful----------------</div></td></tr></table><p class="totop"><a href="#summary">back to summary</a></p><h3 id="m15">com.test.automation.uiAutomation.customerSide.TC001_CheckifBookingSuccessful#testName</h3><table class="result"><tr class="param"><th>Parameter #1</th><th>Parameter #2</th><th>Parameter #3</th><th>Parameter #4</th><th>Parameter #5</th></tr><tr class="param stripe"><td>2017</td><td>November</td><td>15</td><td>2:15 PM</td><td>Y</td></tr><tr><th colspan="5">Messages</th></tr><tr><td colspan="5"><div class="messages">----------------Starting Test TC001_CheckifBookingSuccessful----------------<br/>Opening URL http://automationpractice.com/index.php<br/>Time Zone Pup Submitted.<br/>Current Month Name is: November 2017<br/>Current Month Name is: November 2017<br/>Reached to Month: November 2017<br/>Date Selected as : 15<br/>Time Selected as : 2:15 PM<br/>----------------Completed Test TC001_CheckifBookingSuccessful----------------</div></td></tr></table><p class="totop"><a href="#summary">back to summary</a></p><h3 id="m16">com.test.automation.uiAutomation.customerSide.TC001_CheckifBookingSuccessful#testName</h3><table class="result"><tr class="param"><th>Parameter #1</th><th>Parameter #2</th><th>Parameter #3</th><th>Parameter #4</th><th>Parameter #5</th></tr><tr class="param stripe"><td>2017</td><td>November</td><td>15</td><td>9:45 AM</td><td>Y</td></tr><tr><th colspan="5">Messages</th></tr><tr><td colspan="5"><div class="messages">----------------Starting Test TC001_CheckifBookingSuccessful----------------<br/>Opening URL http://automationpractice.com/index.php<br/>Time Zone Pup Submitted.<br/>Current Month Name is: November 2017<br/>Current Month Name is: November 2017<br/>Reached to Month: November 2017<br/>Date Selected as : 15<br/>Time Selected as : 9:45 AM<br/>----------------Completed Test TC001_CheckifBookingSuccessful----------------</div></td></tr></table><p class="totop"><a href="#summary">back to summary</a></p><h3 id="m17">com.test.automation.uiAutomation.customerSide.TC001_CheckifBookingSuccessful#testName</h3><table class="result"><tr class="param"><th>Parameter #1</th><th>Parameter #2</th><th>Parameter #3</th><th>Parameter #4</th><th>Parameter #5</th></tr><tr class="param stripe"><td>2017</td><td>November</td><td>15</td><td>4:00 PM</td><td>Y</td></tr><tr><th colspan="5">Messages</th></tr><tr><td colspan="5"><div class="messages">----------------Starting Test TC001_CheckifBookingSuccessful----------------<br/>Opening URL http://automationpractice.com/index.php<br/>Time Zone Pup Submitted.<br/>Current Month Name is: November 2017<br/>Current Month Name is: November 2017<br/>Reached to Month: November 2017<br/>Date Selected as : 15<br/>Time Selected as : 4:00 PM<br/>----------------Completed Test TC001_CheckifBookingSuccessful----------------</div></td></tr></table><p class="totop"><a href="#summary">back to summary</a></p><h3 id="m18">com.test.automation.uiAutomation.customerSide.TC001_CheckifBookingSuccessful#testName</h3><table class="result"><tr class="param"><th>Parameter #1</th><th>Parameter #2</th><th>Parameter #3</th><th>Parameter #4</th><th>Parameter #5</th></tr><tr class="param stripe"><td>2017</td><td>November</td><td>15</td><td>1:00 PM</td><td>Y</td></tr><tr><th colspan="5">Messages</th></tr><tr><td colspan="5"><div class="messages">----------------Starting Test TC001_CheckifBookingSuccessful----------------<br/>Opening URL http://automationpractice.com/index.php<br/>Time Zone Pup Submitted.<br/>Current Month Name is: November 2017<br/>Current Month Name is: November 2017<br/>Reached to Month: November 2017<br/>Date Selected as : 15<br/>Time Selected as : 1:00 PM<br/>----------------Completed Test TC001_CheckifBookingSuccessful----------------</div></td></tr></table><p class="totop"><a href="#summary">back to summary</a></p><h3 id="m19">com.test.automation.uiAutomation.customerSide.TC001_CheckifBookingSuccessful#testName</h3><table class="result"><tr class="param"><th>Parameter #1</th><th>Parameter #2</th><th>Parameter #3</th><th>Parameter #4</th><th>Parameter #5</th></tr><tr class="param stripe"><td>2017</td><td>November</td><td>15</td><td>4:15 PM</td><td>Y</td></tr><tr><th colspan="5">Messages</th></tr><tr><td colspan="5"><div class="messages">----------------Starting Test TC001_CheckifBookingSuccessful----------------<br/>Opening URL http://automationpractice.com/index.php<br/>Time Zone Pup Submitted.<br/>Current Month Name is: November 2017<br/>Current Month Name is: November 2017<br/>Reached to Month: November 2017<br/>Date Selected as : 15<br/>Time Selected as : 4:15 PM<br/>----------------Completed Test TC001_CheckifBookingSuccessful----------------</div></td></tr></table><p class="totop"><a href="#summary">back to summary</a></p><h3 id="m20">com.test.automation.uiAutomation.customerSide.TC001_CheckifBookingSuccessful#testName</h3><table class="result"><tr class="param"><th>Parameter #1</th><th>Parameter #2</th><th>Parameter #3</th><th>Parameter #4</th><th>Parameter #5</th></tr><tr class="param stripe"><td>2017</td><td>November</td><td>15</td><td>7:30 AM</td><td>Y</td></tr><tr><th colspan="5">Messages</th></tr><tr><td colspan="5"><div class="messages">----------------Starting Test TC001_CheckifBookingSuccessful----------------<br/>Opening URL http://automationpractice.com/index.php<br/>Time Zone Pup Submitted.<br/>Current Month Name is: November 2017<br/>Current Month Name is: November 2017<br/>Reached to Month: November 2017<br/>Date Selected as : 15<br/>Time Selected as : 7:30 AM<br/>----------------Completed Test TC001_CheckifBookingSuccessful----------------</div></td></tr></table><p class="totop"><a href="#summary">back to summary</a></p><h3 id="m21">com.test.automation.uiAutomation.customerSide.TC001_CheckifBookingSuccessful#testName</h3><table class="result"><tr class="param"><th>Parameter #1</th><th>Parameter #2</th><th>Parameter #3</th><th>Parameter #4</th><th>Parameter #5</th></tr><tr class="param stripe"><td>2017</td><td>November</td><td>15</td><td>10:15 AM</td><td>Y</td></tr><tr><th colspan="5">Messages</th></tr><tr><td colspan="5"><div class="messages">----------------Starting Test TC001_CheckifBookingSuccessful----------------<br/>Opening URL http://automationpractice.com/index.php<br/>Time Zone Pup Submitted.<br/>Current Month Name is: November 2017<br/>Current Month Name is: November 2017<br/>Reached to Month: November 2017<br/>Date Selected as : 15<br/>Time Selected as : 10:15 AM<br/>----------------Completed Test TC001_CheckifBookingSuccessful----------------</div></td></tr></table><p class="totop"><a href="#summary">back to summary</a></p><h3 id="m22">com.test.automation.uiAutomation.customerSide.TC001_CheckifBookingSuccessful#testName</h3><table class="result"><tr class="param"><th>Parameter #1</th><th>Parameter #2</th><th>Parameter #3</th><th>Parameter #4</th><th>Parameter #5</th></tr><tr class="param stripe"><td>2017</td><td>November</td><td>15</td><td>10:45 AM</td><td>Y</td></tr><tr><th colspan="5">Messages</th></tr><tr><td colspan="5"><div class="messages">----------------Starting Test TC001_CheckifBookingSuccessful----------------<br/>Opening URL http://automationpractice.com/index.php<br/>Time Zone Pup Submitted.<br/>Current Month Name is: November 2017<br/>Current Month Name is: November 2017<br/>Reached to Month: November 2017<br/>Date Selected as : 15<br/>Time Selected as : 10:45 AM<br/>----------------Completed Test TC001_CheckifBookingSuccessful----------------</div></td></tr></table><p class="totop"><a href="#summary">back to summary</a></p><h3 id="m23">com.test.automation.uiAutomation.customerSide.TC001_CheckifBookingSuccessful#testName</h3><table class="result"><tr class="param"><th>Parameter #1</th><th>Parameter #2</th><th>Parameter #3</th><th>Parameter #4</th><th>Parameter #5</th></tr><tr class="param stripe"><td>2017</td><td>November</td><td>15</td><td>2:00 PM</td><td>Y</td></tr><tr><th colspan="5">Messages</th></tr><tr><td colspan="5"><div class="messages">----------------Starting Test TC001_CheckifBookingSuccessful----------------<br/>Opening URL http://automationpractice.com/index.php<br/>Time Zone Pup Submitted.<br/>Current Month Name is: November 2017<br/>Current Month Name is: November 2017<br/>Reached to Month: November 2017<br/>Date Selected as : 15<br/>Time Selected as : 2:00 PM<br/>----------------Completed Test TC001_CheckifBookingSuccessful----------------</div></td></tr></table><p class="totop"><a href="#summary">back to summary</a></p><h3 id="m24">com.test.automation.uiAutomation.customerSide.TC001_CheckifBookingSuccessful#testName</h3><table class="result"><tr class="param"><th>Parameter #1</th><th>Parameter #2</th><th>Parameter #3</th><th>Parameter #4</th><th>Parameter #5</th></tr><tr class="param stripe"><td>2017</td><td>November</td><td>15</td><td>4:30 PM</td><td>Y</td></tr><tr><th colspan="5">Messages</th></tr><tr><td colspan="5"><div class="messages">----------------Starting Test TC001_CheckifBookingSuccessful----------------<br/>Opening URL http://automationpractice.com/index.php<br/>Time Zone Pup Submitted.<br/>Current Month Name is: November 2017<br/>Current Month Name is: November 2017<br/>Reached to Month: November 2017<br/>Date Selected as : 15<br/>Time Selected as : 4:30 PM<br/>----------------Completed Test TC001_CheckifBookingSuccessful----------------</div></td></tr></table><p class="totop"><a href="#summary">back to summary</a></p><h3 id="m25">com.test.automation.uiAutomation.customerSide.TC001_CheckifBookingSuccessful#testName</h3><table class="result"><tr class="param"><th>Parameter #1</th><th>Parameter #2</th><th>Parameter #3</th><th>Parameter #4</th><th>Parameter #5</th></tr><tr class="param stripe"><td>2017</td><td>November</td><td>15</td><td>8:30 AM</td><td>Y</td></tr><tr><th colspan="5">Messages</th></tr><tr><td colspan="5"><div class="messages">----------------Starting Test TC001_CheckifBookingSuccessful----------------<br/>Opening URL http://automationpractice.com/index.php<br/>Time Zone Pup Submitted.<br/>Current Month Name is: November 2017<br/>Current Month Name is: November 2017<br/>Reached to Month: November 2017<br/>Date Selected as : 15<br/>Time Selected as : 8:30 AM<br/>----------------Completed Test TC001_CheckifBookingSuccessful----------------</div></td></tr></table><p class="totop"><a href="#summary">back to summary</a></p><h3 id="m26">com.test.automation.uiAutomation.customerSide.TC001_CheckifBookingSuccessful#testName</h3><table class="result"><tr class="param"><th>Parameter #1</th><th>Parameter #2</th><th>Parameter #3</th><th>Parameter #4</th><th>Parameter #5</th></tr><tr class="param stripe"><td>2017</td><td>November</td><td>15</td><td>1:45 PM</td><td>Y</td></tr><tr><th colspan="5">Messages</th></tr><tr><td colspan="5"><div class="messages">----------------Starting Test TC001_CheckifBookingSuccessful----------------<br/>Opening URL http://automationpractice.com/index.php<br/>Time Zone Pup Submitted.<br/>Current Month Name is: November 2017<br/>Current Month Name is: November 2017<br/>Reached to Month: November 2017<br/>Date Selected as : 15<br/>Time Selected as : 1:45 PM<br/>----------------Completed Test TC001_CheckifBookingSuccessful----------------</div></td></tr></table><p class="totop"><a href="#summary">back to summary</a></p><h3 id="m27">com.test.automation.uiAutomation.customerSide.TC001_CheckifBookingSuccessful#testName</h3><table class="result"><tr class="param"><th>Parameter #1</th><th>Parameter #2</th><th>Parameter #3</th><th>Parameter #4</th><th>Parameter #5</th></tr><tr class="param stripe"><td>2017</td><td>November</td><td>15</td><td>3:15 PM</td><td>Y</td></tr><tr><th colspan="5">Messages</th></tr><tr><td colspan="5"><div class="messages">----------------Starting Test TC001_CheckifBookingSuccessful----------------<br/>Opening URL http://automationpractice.com/index.php<br/>Time Zone Pup Submitted.<br/>Current Month Name is: November 2017<br/>Current Month Name is: November 2017<br/>Reached to Month: November 2017<br/>Date Selected as : 15<br/>Time Selected as : 3:15 PM<br/>----------------Completed Test TC001_CheckifBookingSuccessful----------------</div></td></tr></table><p class="totop"><a href="#summary">back to summary</a></p><h3 id="m28">com.test.automation.uiAutomation.customerSide.TC001_CheckifBookingSuccessful#testName</h3><table class="result"><tr class="param"><th>Parameter #1</th><th>Parameter #2</th><th>Parameter #3</th><th>Parameter #4</th><th>Parameter #5</th></tr><tr class="param stripe"><td>2017</td><td>November</td><td>15</td><td>6:45 AM</td><td>Y</td></tr><tr><th colspan="5">Messages</th></tr><tr><td colspan="5"><div class="messages">----------------Starting Test TC001_CheckifBookingSuccessful----------------<br/>Opening URL http://automationpractice.com/index.php<br/>Time Zone Pup Submitted.<br/>Current Month Name is: November 2017<br/>Current Month Name is: November 2017<br/>Reached to Month: November 2017<br/>Date Selected as : 15<br/>Time Selected as : 6:45 AM<br/>----------------Completed Test TC001_CheckifBookingSuccessful----------------</div></td></tr></table><p class="totop"><a href="#summary">back to summary</a></p><h3 id="m29">com.test.automation.uiAutomation.customerSide.TC001_CheckifBookingSuccessful#testName</h3><table class="result"><tr class="param"><th>Parameter #1</th><th>Parameter #2</th><th>Parameter #3</th><th>Parameter #4</th><th>Parameter #5</th></tr><tr class="param stripe"><td>2017</td><td>November</td><td>15</td><td>11:15 AM</td><td>Y</td></tr><tr><th colspan="5">Messages</th></tr><tr><td colspan="5"><div class="messages">----------------Starting Test TC001_CheckifBookingSuccessful----------------<br/>Opening URL http://automationpractice.com/index.php<br/>Time Zone Pup Submitted.<br/>Current Month Name is: November 2017<br/>Current Month Name is: November 2017<br/>Reached to Month: November 2017<br/>Date Selected as : 15<br/>Time Selected as : 11:15 AM<br/>----------------Completed Test TC001_CheckifBookingSuccessful----------------</div></td></tr></table><p class="totop"><a href="#summary">back to summary</a></p><h3 id="m30">com.test.automation.uiAutomation.customerSide.TC001_CheckifBookingSuccessful#testName</h3><table class="result"><tr class="param"><th>Parameter #1</th><th>Parameter #2</th><th>Parameter #3</th><th>Parameter #4</th><th>Parameter #5</th></tr><tr class="param stripe"><td>2017</td><td>November</td><td>15</td><td>8:15 AM</td><td>Y</td></tr><tr><th colspan="5">Messages</th></tr><tr><td colspan="5"><div class="messages">----------------Starting Test TC001_CheckifBookingSuccessful----------------<br/>Opening URL http://automationpractice.com/index.php<br/>Time Zone Pup Submitted.<br/>Current Month Name is: November 2017<br/>Current Month Name is: November 2017<br/>Reached to Month: November 2017<br/>Date Selected as : 15<br/>Time Selected as : 8:15 AM<br/>----------------Completed Test TC001_CheckifBookingSuccessful----------------</div></td></tr></table><p class="totop"><a href="#summary">back to summary</a></p><h3 id="m31">com.test.automation.uiAutomation.customerSide.TC001_CheckifBookingSuccessful#testName</h3><table class="result"><tr class="param"><th>Parameter #1</th><th>Parameter #2</th><th>Parameter #3</th><th>Parameter #4</th><th>Parameter #5</th></tr><tr class="param stripe"><td>2017</td><td>November</td><td>15</td><td>11:45 AM</td><td>Y</td></tr><tr><th colspan="5">Messages</th></tr><tr><td colspan="5"><div class="messages">----------------Starting Test TC001_CheckifBookingSuccessful----------------<br/>Opening URL http://automationpractice.com/index.php<br/>Time Zone Pup Submitted.<br/>Current Month Name is: November 2017<br/>Current Month Name is: November 2017<br/>Reached to Month: November 2017<br/>Date Selected as : 15<br/>Time Selected as : 11:45 AM<br/>----------------Completed Test TC001_CheckifBookingSuccessful----------------</div></td></tr></table><p class="totop"><a href="#summary">back to summary</a></p><h3 id="m32">com.test.automation.uiAutomation.customerSide.TC001_CheckifBookingSuccessful#testName</h3><table class="result"><tr class="param"><th>Parameter #1</th><th>Parameter #2</th><th>Parameter #3</th><th>Parameter #4</th><th>Parameter #5</th></tr><tr class="param stripe"><td>2017</td><td>November</td><td>15</td><td>1:30 PM</td><td>Y</td></tr><tr><th colspan="5">Messages</th></tr><tr><td colspan="5"><div class="messages">----------------Starting Test TC001_CheckifBookingSuccessful----------------<br/>Opening URL http://automationpractice.com/index.php<br/>Time Zone Pup Submitted.<br/>Current Month Name is: November 2017<br/>Current Month Name is: November 2017<br/>Reached to Month: November 2017<br/>Date Selected as : 15<br/>Time Selected as : 1:30 PM<br/>----------------Completed Test TC001_CheckifBookingSuccessful----------------</div></td></tr></table><p class="totop"><a href="#summary">back to summary</a></p><h3 id="m33">com.test.automation.uiAutomation.customerSide.TC001_CheckifBookingSuccessful#testName</h3><table class="result"><tr class="param"><th>Parameter #1</th><th>Parameter #2</th><th>Parameter #3</th><th>Parameter #4</th><th>Parameter #5</th></tr><tr class="param stripe"><td>2017</td><td>November</td><td>15</td><td>9:15 AM</td><td>Y</td></tr><tr><th colspan="5">Messages</th></tr><tr><td colspan="5"><div class="messages">----------------Starting Test TC001_CheckifBookingSuccessful----------------<br/>Opening URL http://automationpractice.com/index.php<br/>Time Zone Pup Submitted.<br/>Current Month Name is: November 2017<br/>Current Month Name is: November 2017<br/>Reached to Month: November 2017<br/>Date Selected as : 15<br/>Time Selected as : 9:15 AM<br/>----------------Completed Test TC001_CheckifBookingSuccessful----------------</div></td></tr></table><p class="totop"><a href="#summary">back to summary</a></p><h3 id="m34">com.test.automation.uiAutomation.customerSide.TC001_CheckifBookingSuccessful#testName</h3><table class="result"><tr class="param"><th>Parameter #1</th><th>Parameter #2</th><th>Parameter #3</th><th>Parameter #4</th><th>Parameter #5</th></tr><tr class="param stripe"><td>2017</td><td>November</td><td>15</td><td>8:00 AM</td><td>Y</td></tr><tr><th colspan="5">Messages</th></tr><tr><td colspan="5"><div class="messages">----------------Starting Test TC001_CheckifBookingSuccessful----------------<br/>Opening URL http://automationpractice.com/index.php<br/>Time Zone Pup Submitted.<br/>Current Month Name is: November 2017<br/>Current Month Name is: November 2017<br/>Reached to Month: November 2017<br/>Date Selected as : 15<br/>Time Selected as : 8:00 AM<br/>----------------Completed Test TC001_CheckifBookingSuccessful----------------</div></td></tr></table><p class="totop"><a href="#summary">back to summary</a></p><h3 id="m35">com.test.automation.uiAutomation.customerSide.TC001_CheckifBookingSuccessful#testName</h3><table class="result"><tr class="param"><th>Parameter #1</th><th>Parameter #2</th><th>Parameter #3</th><th>Parameter #4</th><th>Parameter #5</th></tr><tr class="param stripe"><td>2017</td><td>November</td><td>15</td><td>6:30 AM</td><td>Y</td></tr><tr><th colspan="5">Messages</th></tr><tr><td colspan="5"><div class="messages">----------------Starting Test TC001_CheckifBookingSuccessful----------------<br/>Opening URL http://automationpractice.com/index.php<br/>Time Zone Pup Submitted.<br/>Current Month Name is: November 2017<br/>Current Month Name is: November 2017<br/>Reached to Month: November 2017<br/>Date Selected as : 15<br/>Time Selected as : 6:30 AM<br/>----------------Completed Test TC001_CheckifBookingSuccessful----------------</div></td></tr></table><p class="totop"><a href="#summary">back to summary</a></p><h3 id="m36">com.test.automation.uiAutomation.customerSide.TC001_CheckifBookingSuccessful#testName</h3><table class="result"><tr class="param"><th>Parameter #1</th><th>Parameter #2</th><th>Parameter #3</th><th>Parameter #4</th><th>Parameter #5</th></tr><tr class="param stripe"><td>2017</td><td>November</td><td>15</td><td>7:45 AM</td><td>Y</td></tr><tr><th colspan="5">Messages</th></tr><tr><td colspan="5"><div class="messages">----------------Starting Test TC001_CheckifBookingSuccessful----------------<br/>Opening URL http://automationpractice.com/index.php<br/>Time Zone Pup Submitted.<br/>Current Month Name is: November 2017<br/>Current Month Name is: November 2017<br/>Reached to Month: November 2017<br/>Date Selected as : 15<br/>Time Selected as : 7:45 AM<br/>----------------Completed Test TC001_CheckifBookingSuccessful----------------</div></td></tr></table><p class="totop"><a href="#summary">back to summary</a></p><h3 id="m37">com.test.automation.uiAutomation.customerSide.TC001_CheckifBookingSuccessful#testName</h3><table class="result"><tr class="param"><th>Parameter #1</th><th>Parameter #2</th><th>Parameter #3</th><th>Parameter #4</th><th>Parameter #5</th></tr><tr class="param stripe"><td>2017</td><td>November</td><td>15</td><td>1:15 PM</td><td>Y</td></tr><tr><th colspan="5">Messages</th></tr><tr><td colspan="5"><div class="messages">----------------Starting Test TC001_CheckifBookingSuccessful----------------<br/>Opening URL http://automationpractice.com/index.php<br/>Time Zone Pup Submitted.<br/>Current Month Name is: November 2017<br/>Current Month Name is: November 2017<br/>Reached to Month: November 2017<br/>Date Selected as : 15<br/>Time Selected as : 1:15 PM<br/>----------------Completed Test TC001_CheckifBookingSuccessful----------------</div></td></tr></table><p class="totop"><a href="#summary">back to summary</a></p><h3 id="m38">com.test.automation.uiAutomation.customerSide.TC001_CheckifBookingSuccessful#testName</h3><table class="result"><tr class="param"><th>Parameter #1</th><th>Parameter #2</th><th>Parameter #3</th><th>Parameter #4</th><th>Parameter #5</th></tr><tr class="param stripe"><td>2017</td><td>November</td><td>15</td><td>3:30 PM</td><td>Y</td></tr><tr><th colspan="5">Messages</th></tr><tr><td colspan="5"><div class="messages">----------------Starting Test TC001_CheckifBookingSuccessful----------------<br/>Opening URL http://automationpractice.com/index.php<br/>Time Zone Pup Submitted.<br/>Current Month Name is: November 2017<br/>Current Month Name is: November 2017<br/>Reached to Month: November 2017<br/>Date Selected as : 15<br/>Time Selected as : 3:30 PM<br/>----------------Completed Test TC001_CheckifBookingSuccessful----------------</div></td></tr></table><p class="totop"><a href="#summary">back to summary</a></p><h3 id="m39">com.test.automation.uiAutomation.customerSide.TC001_CheckifBookingSuccessful#testName</h3><table class="result"><tr class="param"><th>Parameter #1</th><th>Parameter #2</th><th>Parameter #3</th><th>Parameter #4</th><th>Parameter #5</th></tr><tr class="param stripe"><td>2017</td><td>November</td><td>15</td><td>9:30 AM</td><td>Y</td></tr><tr><th colspan="5">Messages</th></tr><tr><td colspan="5"><div class="messages">----------------Starting Test TC001_CheckifBookingSuccessful----------------<br/>Opening URL http://automationpractice.com/index.php<br/>Time Zone Pup Submitted.<br/>Current Month Name is: November 2017<br/>Current Month Name is: November 2017<br/>Reached to Month: November 2017<br/>Date Selected as : 15<br/>Time Selected as : 9:30 AM<br/>----------------Completed Test TC001_CheckifBookingSuccessful----------------</div></td></tr></table><p class="totop"><a href="#summary">back to summary</a></p><h3 id="m40">com.test.automation.uiAutomation.customerSide.TC001_CheckifBookingSuccessful#testName</h3><table class="result"><tr class="param"><th>Parameter #1</th><th>Parameter #2</th><th>Parameter #3</th><th>Parameter #4</th><th>Parameter #5</th></tr><tr class="param stripe"><td>2017</td><td>November</td><td>15</td><td>11:00 AM</td><td>Y</td></tr><tr><th colspan="5">Messages</th></tr><tr><td colspan="5"><div class="messages">----------------Starting Test TC001_CheckifBookingSuccessful----------------<br/>Opening URL http://automationpractice.com/index.php<br/>Time Zone Pup Submitted.<br/>Current Month Name is: November 2017<br/>Current Month Name is: November 2017<br/>Reached to Month: November 2017<br/>Date Selected as : 15<br/>Time Selected as : 11:00 AM<br/>----------------Completed Test TC001_CheckifBookingSuccessful----------------</div></td></tr></table><p class="totop"><a href="#summary">back to summary</a></p><h3 id="m41">com.test.automation.uiAutomation.customerSide.TC001_CheckifBookingSuccessful#testName</h3><table class="result"><tr class="param"><th>Parameter #1</th><th>Parameter #2</th><th>Parameter #3</th><th>Parameter #4</th><th>Parameter #5</th></tr><tr class="param stripe"><td>2017</td><td>November</td><td>15</td><td>2:30 PM</td><td>Y</td></tr><tr><th colspan="5">Messages</th></tr><tr><td colspan="5"><div class="messages">----------------Starting Test TC001_CheckifBookingSuccessful----------------<br/>Opening URL http://automationpractice.com/index.php<br/>Time Zone Pup Submitted.<br/>Current Month Name is: November 2017<br/>Current Month Name is: November 2017<br/>Reached to Month: November 2017<br/>Date Selected as : 15<br/>Time Selected as : 2:30 PM<br/>----------------Completed Test TC001_CheckifBookingSuccessful----------------</div></td></tr></table><p class="totop"><a href="#summary">back to summary</a></p><h3 id="m42">com.test.automation.uiAutomation.customerSide.TC001_CheckifBookingSuccessful#testName</h3><table class="result"><tr class="param"><th>Parameter #1</th><th>Parameter #2</th><th>Parameter #3</th><th>Parameter #4</th><th>Parameter #5</th></tr><tr class="param stripe"><td>2017</td><td>November</td><td>15</td><td>9:00 AM</td><td>Y</td></tr><tr><th colspan="5">Messages</th></tr><tr><td colspan="5"><div class="messages">----------------Starting Test TC001_CheckifBookingSuccessful----------------<br/>Opening URL http://automationpractice.com/index.php<br/>Time Zone Pup Submitted.<br/>Current Month Name is: November 2017<br/>Current Month Name is: November 2017<br/>Reached to Month: November 2017<br/>Date Selected as : 15<br/>Time Selected as : 9:00 AM<br/>----------------Completed Test TC001_CheckifBookingSuccessful----------------</div></td></tr></table><p class="totop"><a href="#summary">back to summary</a></p><h3 id="m43">com.test.automation.uiAutomation.customerSide.TC001_CheckifBookingSuccessful#testName</h3><table class="result"><tr class="param"><th>Parameter #1</th><th>Parameter #2</th><th>Parameter #3</th><th>Parameter #4</th><th>Parameter #5</th></tr><tr class="param stripe"><td>2017</td><td>November</td><td>15</td><td>10:00 AM</td><td>Y</td></tr><tr><th colspan="5">Messages</th></tr><tr><td colspan="5"><div class="messages">----------------Starting Test TC001_CheckifBookingSuccessful----------------<br/>Opening URL http://automationpractice.com/index.php<br/>Time Zone Pup Submitted.<br/>Current Month Name is: November 2017<br/>Current Month Name is: November 2017<br/>Reached to Month: November 2017<br/>Date Selected as : 15<br/>Time Selected as : 10:00 AM<br/>----------------Completed Test TC001_CheckifBookingSuccessful----------------</div></td></tr></table><p class="totop"><a href="#summary">back to summary</a></p><h3 id="m44">com.test.automation.uiAutomation.customerSide.TC001_CheckifBookingSuccessful#testName</h3><table class="result"><tr class="param"><th>Parameter #1</th><th>Parameter #2</th><th>Parameter #3</th><th>Parameter #4</th><th>Parameter #5</th></tr><tr class="param stripe"><td>2017</td><td>November</td><td>15</td><td>7:15 AM</td><td>Y</td></tr><tr><th colspan="5">Messages</th></tr><tr><td colspan="5"><div class="messages">----------------Starting Test TC001_CheckifBookingSuccessful----------------<br/>Opening URL http://automationpractice.com/index.php<br/>Time Zone Pup Submitted.<br/>Current Month Name is: November 2017<br/>Current Month Name is: November 2017<br/>Reached to Month: November 2017<br/>Date Selected as : 15<br/>Time Selected as : 7:15 AM<br/>----------------Completed Test TC001_CheckifBookingSuccessful----------------</div></td></tr></table><p class="totop"><a href="#summary">back to summary</a></p><h3 id="m45">com.test.automation.uiAutomation.customerSide.TC001_CheckifBookingSuccessful#testName</h3><table class="result"><tr class="param"><th>Parameter #1</th><th>Parameter #2</th><th>Parameter #3</th><th>Parameter #4</th><th>Parameter #5</th></tr><tr class="param stripe"><td>2017</td><td>November</td><td>15</td><td>3:00 PM</td><td>Y</td></tr><tr><th colspan="5">Messages</th></tr><tr><td colspan="5"><div class="messages">----------------Starting Test TC001_CheckifBookingSuccessful----------------<br/>Opening URL http://automationpractice.com/index.php<br/>Time Zone Pup Submitted.<br/>Current Month Name is: November 2017<br/>Current Month Name is: November 2017<br/>Reached to Month: November 2017<br/>Date Selected as : 15<br/>Time Selected as : 3:00 PM<br/>----------------Completed Test TC001_CheckifBookingSuccessful----------------</div></td></tr></table><p class="totop"><a href="#summary">back to summary</a></p></body></html>