<?xml version="1.0" encoding="UTF-8"?>
<!-- Generated by org.testng.reporters.JUnitXMLReporter -->
<testsuite hostname="DESKTOP-9UPLSBP" ignored="0" name="Product Details Page Test" tests="5" failures="1" timestamp="20 Oct 2017 12:41:44 GMT" time="74.168" errors="0">
  <testcase name="verifyProductTitle" time="31.351" classname="com.test.automation.uiAutomation.productDetailsPage.TC001_VerifyProductTitle">
    <skipped/>
  </testcase> <!-- verifyProductTitle -->
  <testcase name="verifyProductTitle" time="0.167" classname="com.test.automation.uiAutomation.productDetailsPage.TC001_VerifyProductTitle">
    <skipped/>
  </testcase> <!-- verifyProductTitle -->
  <testcase name="verifyProductTitle" time="0.061" classname="com.test.automation.uiAutomation.productDetailsPage.TC001_VerifyProductTitle">
    <skipped/>
  </testcase> <!-- verifyProductTitle -->
  <testcase name="verifyProductTitle" time="0.085" classname="com.test.automation.uiAutomation.productDetailsPage.TC001_VerifyProductTitle">
    <failure type="org.openqa.selenium.WebDriverException" message="unknown error: Element is not clickable at point (144, -379)
  (Session info: chrome=61.0.3163.100)
  (Driver info: chromedriver=2.31.488763 (092de99f48a300323ecf8c2a4e2e7cab51de5ba8),platform=Windows NT 10.0.15063 x86_64) (WARNING: The server did not provide any stacktrace information)
Command duration or timeout: 52 milliseconds
Build info: version: &amp;apos;3.4.0&amp;apos;, revision: &amp;apos;unknown&amp;apos;, time: &amp;apos;unknown&amp;apos;
System info: host: &amp;apos;DESKTOP-9UPLSBP&amp;apos;, ip: &amp;apos;192.168.43.94&amp;apos;, os.name: &amp;apos;Windows 10&amp;apos;, os.arch: &amp;apos;x86&amp;apos;, os.version: &amp;apos;10.0&amp;apos;, java.version: &amp;apos;1.8.0_144&amp;apos;
Driver info: org.openqa.selenium.chrome.ChromeDriver
Capabilities [{applicationCacheEnabled=false, rotatable=false, mobileEmulationEnabled=false, networkConnectionEnabled=false, chrome={chromedriverVersion=2.31.488763 (092de99f48a300323ecf8c2a4e2e7cab51de5ba8), userDataDir=C:\Users\Jagjeet\AppData\Local\Temp\scoped_dir5584_25087}, takesHeapSnapshot=true, pageLoadStrategy=normal, databaseEnabled=false, handlesAlerts=true, hasTouchScreen=false, version=61.0.3163.100, platform=XP, browserConnectionEnabled=false, nativeEvents=true, acceptSslCerts=true, locationContextEnabled=true, webStorageEnabled=true, browserName=chrome, takesScreenshot=true, javascriptEnabled=true, cssSelectorsEnabled=true, setWindowRect=true, unexpectedAlertBehaviour=}]
Session ID: c869906ee3e8063599a0e92cd1140dbf">
      <![CDATA[org.openqa.selenium.WebDriverException: unknown error: Element is not clickable at point (144, -379)
  (Session info: chrome=61.0.3163.100)
  (Driver info: chromedriver=2.31.488763 (092de99f48a300323ecf8c2a4e2e7cab51de5ba8),platform=Windows NT 10.0.15063 x86_64) (WARNING: The server did not provide any stacktrace information)
Command duration or timeout: 52 milliseconds
Build info: version: '3.4.0', revision: 'unknown', time: 'unknown'
System info: host: 'DESKTOP-9UPLSBP', ip: '192.168.43.94', os.name: 'Windows 10', os.arch: 'x86', os.version: '10.0', java.version: '1.8.0_144'
Driver info: org.openqa.selenium.chrome.ChromeDriver
Capabilities [{applicationCacheEnabled=false, rotatable=false, mobileEmulationEnabled=false, networkConnectionEnabled=false, chrome={chromedriverVersion=2.31.488763 (092de99f48a300323ecf8c2a4e2e7cab51de5ba8), userDataDir=C:\Users\Jagjeet\AppData\Local\Temp\scoped_dir5584_25087}, takesHeapSnapshot=true, pageLoadStrategy=normal, databaseEnabled=false, handlesAlerts=true, hasTouchScreen=false, version=61.0.3163.100, platform=XP, browserConnectionEnabled=false, nativeEvents=true, acceptSslCerts=true, locationContextEnabled=true, webStorageEnabled=true, browserName=chrome, takesScreenshot=true, javascriptEnabled=true, cssSelectorsEnabled=true, setWindowRect=true, unexpectedAlertBehaviour=}]
Session ID: c869906ee3e8063599a0e92cd1140dbf
	at org.openqa.selenium.remote.ErrorHandler.createThrowable(ErrorHandler.java:215)
	at org.openqa.selenium.remote.ErrorHandler.throwIfResponseFailed(ErrorHandler.java:167)
	at org.openqa.selenium.remote.RemoteWebDriver.execute(RemoteWebDriver.java:671)
	at org.openqa.selenium.remote.RemoteWebElement.execute(RemoteWebElement.java:272)
	at org.openqa.selenium.remote.RemoteWebElement.click(RemoteWebElement.java:82)
	at com.test.automation.uiAutomation.uiActions.ProductListigPage.navigateToItemType(ProductListigPage.java:43)
	at com.test.automation.uiAutomation.productDetailsPage.TC001_VerifyProductTitle.verifyProductTitle(TC001_VerifyProductTitle.java:36)
... Removed 29 stack frames]]>
    </failure>
  </testcase> <!-- verifyProductTitle -->
  <testcase name="verifyFacebookShareLink" time="5.301" classname="com.test.automation.uiAutomation.productDetailsPage.TC002_VerifyFacebookShareLink"/>
</testsuite> <!-- Product Details Page Test -->
