<?xml version="1.0" encoding="UTF-8"?>
<!-- Generated by org.testng.reporters.JUnitXMLReporter -->
<testsuite hostname="DESKTOP-9UPLSBP" ignored="0" name="Register Page Tests" tests="9" failures="0" timestamp="13 Nov 2017 06:17:51 GMT" time="7.988" errors="0">
  <testcase name="@BeforeClass setup" time="0.0" classname="com.test.automation.uiAutomation.registerPage.TC001_VerifyLoginWithInvalidCredentials">
    <failure type="org.openqa.selenium.WebDriverException" message="disconnected: unable to connect to renderer
  (Session info: chrome=62.0.3202.89)
  (Driver info: chromedriver=2.31.488763 (092de99f48a300323ecf8c2a4e2e7cab51de5ba8),platform=Windows NT 10.0.15063 x86_64) (WARNING: The server did not provide any stacktrace information)
Command duration or timeout: 2.09 seconds
Build info: version: &amp;apos;3.4.0&amp;apos;, revision: &amp;apos;unknown&amp;apos;, time: &amp;apos;unknown&amp;apos;
System info: host: &amp;apos;DESKTOP-9UPLSBP&amp;apos;, ip: &amp;apos;192.168.0.233&amp;apos;, os.name: &amp;apos;Windows 8.1&amp;apos;, os.arch: &amp;apos;x86&amp;apos;, os.version: &amp;apos;6.3&amp;apos;, java.version: &amp;apos;1.8.0_51&amp;apos;
Driver info: org.openqa.selenium.chrome.ChromeDriver
Capabilities [{applicationCacheEnabled=false, rotatable=false, mobileEmulationEnabled=false, networkConnectionEnabled=false, chrome={chromedriverVersion=2.31.488763 (092de99f48a300323ecf8c2a4e2e7cab51de5ba8), userDataDir=C:\Users\Jagjeet\AppData\Local\Temp\scoped_dir12144_8947}, takesHeapSnapshot=true, pageLoadStrategy=normal, databaseEnabled=false, handlesAlerts=true, hasTouchScreen=false, version=62.0.3202.89, platform=WIN8_1, browserConnectionEnabled=false, nativeEvents=true, acceptSslCerts=true, locationContextEnabled=true, webStorageEnabled=true, browserName=chrome, takesScreenshot=true, javascriptEnabled=true, cssSelectorsEnabled=true, setWindowRect=true, unexpectedAlertBehaviour=}]
Session ID: 941c9970bd8f63dd3cd8b70e026551d2">
      <![CDATA[org.openqa.selenium.WebDriverException: disconnected: unable to connect to renderer
  (Session info: chrome=62.0.3202.89)
  (Driver info: chromedriver=2.31.488763 (092de99f48a300323ecf8c2a4e2e7cab51de5ba8),platform=Windows NT 10.0.15063 x86_64) (WARNING: The server did not provide any stacktrace information)
Command duration or timeout: 2.09 seconds
Build info: version: '3.4.0', revision: 'unknown', time: 'unknown'
System info: host: 'DESKTOP-9UPLSBP', ip: '192.168.0.233', os.name: 'Windows 8.1', os.arch: 'x86', os.version: '6.3', java.version: '1.8.0_51'
Driver info: org.openqa.selenium.chrome.ChromeDriver
Capabilities [{applicationCacheEnabled=false, rotatable=false, mobileEmulationEnabled=false, networkConnectionEnabled=false, chrome={chromedriverVersion=2.31.488763 (092de99f48a300323ecf8c2a4e2e7cab51de5ba8), userDataDir=C:\Users\Jagjeet\AppData\Local\Temp\scoped_dir12144_8947}, takesHeapSnapshot=true, pageLoadStrategy=normal, databaseEnabled=false, handlesAlerts=true, hasTouchScreen=false, version=62.0.3202.89, platform=WIN8_1, browserConnectionEnabled=false, nativeEvents=true, acceptSslCerts=true, locationContextEnabled=true, webStorageEnabled=true, browserName=chrome, takesScreenshot=true, javascriptEnabled=true, cssSelectorsEnabled=true, setWindowRect=true, unexpectedAlertBehaviour=}]
Session ID: 941c9970bd8f63dd3cd8b70e026551d2
	at org.openqa.selenium.remote.ErrorHandler.createThrowable(ErrorHandler.java:215)
	at org.openqa.selenium.remote.ErrorHandler.throwIfResponseFailed(ErrorHandler.java:167)
	at org.openqa.selenium.remote.RemoteWebDriver.execute(RemoteWebDriver.java:671)
	at org.openqa.selenium.remote.RemoteWebDriver.execute(RemoteWebDriver.java:694)
	at org.openqa.selenium.remote.RemoteWebDriver$RemoteWebDriverOptions$RemoteWindow.maximize(RemoteWebDriver.java:925)
	at com.test.automation.uiAutomation.testBase.TestBase.selectBrowser(TestBase.java:79)
	at com.test.automation.uiAutomation.testBase.TestBase.init(TestBase.java:64)
	at com.test.automation.uiAutomation.registerPage.TC001_VerifyLoginWithInvalidCredentials.setup(TC001_VerifyLoginWithInvalidCredentials.java:29)
... Removed 29 stack frames]]>
    </failure>
  </testcase> <!-- @BeforeClass setup -->
  <testcase name="@BeforeMethod beforeMethod" time="0.0" classname="com.test.automation.uiAutomation.testBase.TestBase">
    <skipped/>
  </testcase> <!-- @BeforeMethod beforeMethod -->
  <testcase name="@AfterMethod afterMethod" time="0.0" classname="com.test.automation.uiAutomation.testBase.TestBase">
    <skipped/>
  </testcase> <!-- @AfterMethod afterMethod -->
  <testcase name="@BeforeClass setup" time="0.0" classname="com.test.automation.uiAutomation.registerPage.TC002_VerfiyRegistration">
    <skipped/>
  </testcase> <!-- @BeforeClass setup -->
  <testcase name="@BeforeMethod beforeMethod" time="0.0" classname="com.test.automation.uiAutomation.testBase.TestBase">
    <skipped/>
  </testcase> <!-- @BeforeMethod beforeMethod -->
  <testcase name="@AfterMethod afterMethod" time="0.0" classname="com.test.automation.uiAutomation.testBase.TestBase">
    <skipped/>
  </testcase> <!-- @AfterMethod afterMethod -->
  <testcase name="@BeforeClass setup" time="0.0" classname="com.test.automation.uiAutomation.registerPage.TC003_VerifyLoginWithDifferentCredentials">
    <skipped/>
  </testcase> <!-- @BeforeClass setup -->
  <testcase name="@BeforeMethod beforeMethod" time="0.0" classname="com.test.automation.uiAutomation.testBase.TestBase">
    <skipped/>
  </testcase> <!-- @BeforeMethod beforeMethod -->
  <testcase name="@AfterMethod afterMethod" time="0.0" classname="com.test.automation.uiAutomation.testBase.TestBase">
    <skipped/>
  </testcase> <!-- @AfterMethod afterMethod -->
  <testcase name="@BeforeMethod beforeMethod" time="0.0" classname="com.test.automation.uiAutomation.testBase.TestBase">
    <skipped/>
  </testcase> <!-- @BeforeMethod beforeMethod -->
  <testcase name="@AfterMethod afterMethod" time="0.0" classname="com.test.automation.uiAutomation.testBase.TestBase">
    <skipped/>
  </testcase> <!-- @AfterMethod afterMethod -->
  <testcase name="@BeforeMethod beforeMethod" time="0.0" classname="com.test.automation.uiAutomation.testBase.TestBase">
    <skipped/>
  </testcase> <!-- @BeforeMethod beforeMethod -->
  <testcase name="@AfterMethod afterMethod" time="0.0" classname="com.test.automation.uiAutomation.testBase.TestBase">
    <skipped/>
  </testcase> <!-- @AfterMethod afterMethod -->
  <testcase name="@BeforeMethod beforeMethod" time="0.0" classname="com.test.automation.uiAutomation.testBase.TestBase">
    <skipped/>
  </testcase> <!-- @BeforeMethod beforeMethod -->
  <testcase name="@AfterMethod afterMethod" time="0.0" classname="com.test.automation.uiAutomation.testBase.TestBase">
    <skipped/>
  </testcase> <!-- @AfterMethod afterMethod -->
  <testcase name="@BeforeMethod beforeMethod" time="0.0" classname="com.test.automation.uiAutomation.testBase.TestBase">
    <skipped/>
  </testcase> <!-- @BeforeMethod beforeMethod -->
  <testcase name="@AfterMethod afterMethod" time="0.0" classname="com.test.automation.uiAutomation.testBase.TestBase">
    <skipped/>
  </testcase> <!-- @AfterMethod afterMethod -->
  <testcase name="@BeforeMethod beforeMethod" time="0.0" classname="com.test.automation.uiAutomation.testBase.TestBase">
    <skipped/>
  </testcase> <!-- @BeforeMethod beforeMethod -->
  <testcase name="@AfterMethod afterMethod" time="0.0" classname="com.test.automation.uiAutomation.testBase.TestBase">
    <skipped/>
  </testcase> <!-- @AfterMethod afterMethod -->
  <testcase name="@BeforeMethod beforeMethod" time="0.0" classname="com.test.automation.uiAutomation.testBase.TestBase">
    <skipped/>
  </testcase> <!-- @BeforeMethod beforeMethod -->
  <testcase name="@AfterMethod afterMethod" time="0.0" classname="com.test.automation.uiAutomation.testBase.TestBase">
    <skipped/>
  </testcase> <!-- @AfterMethod afterMethod -->
  <testcase name="verifyLoginWithInvalidCredentials" time="0.0" classname="com.test.automation.uiAutomation.registerPage.TC001_VerifyLoginWithInvalidCredentials">
    <skipped/>
  </testcase> <!-- verifyLoginWithInvalidCredentials -->
  <testcase name="verfiyRegistration" time="0.0" classname="com.test.automation.uiAutomation.registerPage.TC002_VerfiyRegistration">
    <skipped/>
  </testcase> <!-- verfiyRegistration -->
  <testcase name="verifyLoginWithDifferentCredentials" time="0.0" classname="com.test.automation.uiAutomation.registerPage.TC003_VerifyLoginWithDifferentCredentials">
    <skipped/>
  </testcase> <!-- verifyLoginWithDifferentCredentials -->
  <testcase name="verifyLoginWithDifferentCredentials" time="0.016" classname="com.test.automation.uiAutomation.registerPage.TC003_VerifyLoginWithDifferentCredentials">
    <skipped/>
  </testcase> <!-- verifyLoginWithDifferentCredentials -->
  <testcase name="verifyLoginWithDifferentCredentials" time="0.0" classname="com.test.automation.uiAutomation.registerPage.TC003_VerifyLoginWithDifferentCredentials">
    <skipped/>
  </testcase> <!-- verifyLoginWithDifferentCredentials -->
  <testcase name="verifyLoginWithDifferentCredentials" time="0.0" classname="com.test.automation.uiAutomation.registerPage.TC003_VerifyLoginWithDifferentCredentials">
    <skipped/>
  </testcase> <!-- verifyLoginWithDifferentCredentials -->
  <testcase name="verifyLoginWithDifferentCredentials" time="0.0" classname="com.test.automation.uiAutomation.registerPage.TC003_VerifyLoginWithDifferentCredentials">
    <skipped/>
  </testcase> <!-- verifyLoginWithDifferentCredentials -->
  <testcase name="verifyLoginWithDifferentCredentials" time="0.0" classname="com.test.automation.uiAutomation.registerPage.TC003_VerifyLoginWithDifferentCredentials">
    <skipped/>
  </testcase> <!-- verifyLoginWithDifferentCredentials -->
  <testcase name="verifyLoginWithDifferentCredentials" time="0.0" classname="com.test.automation.uiAutomation.registerPage.TC003_VerifyLoginWithDifferentCredentials">
    <skipped/>
  </testcase> <!-- verifyLoginWithDifferentCredentials -->
</testsuite> <!-- Register Page Tests -->
